[19:51:17 INF] Executed DbCommand (462ms) [Parameters=[], CommandType='"Text"', CommandTimeout='30']
SELECT 1
[19:51:18 INF] Executed DbCommand (397ms) [Parameters=[], CommandType='"Text"', CommandTimeout='30']
SELECT OBJECT_ID(N'[__EFMigrationsHistory]');
[19:51:18 INF] Executed DbCommand (371ms) [Parameters=[], CommandType='"Text"', CommandTimeout='30']
SELECT 1
[19:51:18 INF] Executed DbCommand (366ms) [Parameters=[], CommandType='"Text"', CommandTimeout='30']
SELECT OBJECT_ID(N'[__EFMigrationsHistory]');
[19:51:19 INF] Executed DbCommand (371ms) [Parameters=[], CommandType='"Text"', CommandTimeout='30']
SELECT [MigrationId], [ProductVersion]
FROM [__EFMigrationsHistory]
ORDER BY [MigrationId];
[19:51:19 INF] Applying migration '20250604175051_InitialCreateWithAuditLogs'.
[19:51:20 INF] Executed DbCommand (369ms) [Parameters=[], CommandType='"Text"', CommandTimeout='30']
IF SCHEMA_ID(N'telehealthkeps') IS NULL EXEC(N'CREATE SCHEMA [telehealthkeps];');
[19:51:20 ERR] Failed executing DbCommand (382ms) [Parameters=[], CommandType='"Text"', CommandTimeout='30']
CREATE TABLE [AspNetRoles] (
    [Id] nvarchar(450) NOT NULL,
    [Name] nvarchar(256) NULL,
    [NormalizedName] nvarchar(256) NULL,
    [ConcurrencyStamp] nvarchar(max) NULL,
    CONSTRAINT [PK_AspNetRoles] PRIMARY KEY ([Id])
);
[20:01:12 INF] Executed DbCommand (403ms) [Parameters=[], CommandType='"Text"', CommandTimeout='30']
SELECT 1
[20:01:13 INF] Executed DbCommand (392ms) [Parameters=[], CommandType='"Text"', CommandTimeout='30']
SELECT OBJECT_ID(N'[__EFMigrationsHistory]');
[20:01:13 INF] Executed DbCommand (373ms) [Parameters=[], CommandType='"Text"', CommandTimeout='30']
SELECT 1
[20:01:13 INF] Executed DbCommand (376ms) [Parameters=[], CommandType='"Text"', CommandTimeout='30']
SELECT OBJECT_ID(N'[__EFMigrationsHistory]');
[20:01:14 INF] Executed DbCommand (380ms) [Parameters=[], CommandType='"Text"', CommandTimeout='30']
SELECT [MigrationId], [ProductVersion]
FROM [__EFMigrationsHistory]
ORDER BY [MigrationId];
[20:01:14 INF] Applying migration '20250604180050_InitialCreateWithAuditLogs'.
[20:01:15 INF] Executed DbCommand (376ms) [Parameters=[], CommandType='"Text"', CommandTimeout='30']
IF SCHEMA_ID(N'telehealthkeps') IS NULL EXEC(N'CREATE SCHEMA [telehealthkeps];');
[20:01:15 ERR] Failed executing DbCommand (404ms) [Parameters=[], CommandType='"Text"', CommandTimeout='30']
CREATE TABLE [AspNetRoles] (
    [Id] nvarchar(450) NOT NULL,
    [Name] nvarchar(256) NULL,
    [NormalizedName] nvarchar(256) NULL,
    [ConcurrencyStamp] nvarchar(max) NULL,
    CONSTRAINT [PK_AspNetRoles] PRIMARY KEY ([Id])
);
[20:40:13 INF] Executed DbCommand (508ms) [Parameters=[], CommandType='"Text"', CommandTimeout='30']
SELECT 1
[20:40:13 INF] Executed DbCommand (406ms) [Parameters=[], CommandType='"Text"', CommandTimeout='30']
SELECT OBJECT_ID(N'[__EFMigrationsHistory]');
[20:40:13 INF] Executed DbCommand (356ms) [Parameters=[], CommandType='"Text"', CommandTimeout='30']
SELECT 1
[20:40:14 INF] Executed DbCommand (358ms) [Parameters=[], CommandType='"Text"', CommandTimeout='30']
SELECT OBJECT_ID(N'[__EFMigrationsHistory]');
[20:40:14 INF] Executed DbCommand (379ms) [Parameters=[], CommandType='"Text"', CommandTimeout='30']
SELECT [MigrationId], [ProductVersion]
FROM [__EFMigrationsHistory]
ORDER BY [MigrationId];
[20:40:14 INF] Applying migration '20250604180050_InitialCreateWithAuditLogs'.
[20:40:15 INF] Executed DbCommand (388ms) [Parameters=[], CommandType='"Text"', CommandTimeout='30']
IF SCHEMA_ID(N'telehealthkeps') IS NULL EXEC(N'CREATE SCHEMA [telehealthkeps];');
[20:40:16 INF] Executed DbCommand (383ms) [Parameters=[], CommandType='"Text"', CommandTimeout='30']
CREATE TABLE [AspNetRoles] (
    [Id] nvarchar(450) NOT NULL,
    [Name] nvarchar(256) NULL,
    [NormalizedName] nvarchar(256) NULL,
    [ConcurrencyStamp] nvarchar(max) NULL,
    CONSTRAINT [PK_AspNetRoles] PRIMARY KEY ([Id])
);
[20:40:16 INF] Executed DbCommand (368ms) [Parameters=[], CommandType='"Text"', CommandTimeout='30']
CREATE TABLE [AspNetUsers] (
    [Id] nvarchar(450) NOT NULL,
    [UserName] nvarchar(256) NULL,
    [NormalizedUserName] nvarchar(256) NULL,
    [Email] nvarchar(256) NULL,
    [NormalizedEmail] nvarchar(256) NULL,
    [EmailConfirmed] bit NOT NULL,
    [PasswordHash] nvarchar(max) NULL,
    [SecurityStamp] nvarchar(max) NULL,
    [ConcurrencyStamp] nvarchar(max) NULL,
    [PhoneNumber] nvarchar(max) NULL,
    [PhoneNumberConfirmed] bit NOT NULL,
    [TwoFactorEnabled] bit NOT NULL,
    [LockoutEnd] datetimeoffset NULL,
    [LockoutEnabled] bit NOT NULL,
    [AccessFailedCount] int NOT NULL,
    CONSTRAINT [PK_AspNetUsers] PRIMARY KEY ([Id])
);
[20:40:16 ERR] Failed executing DbCommand (400ms) [Parameters=[], CommandType='"Text"', CommandTimeout='30']
CREATE TABLE [telehealthkeps].[AuditLogs] (
    [Id] uniqueidentifier NOT NULL DEFAULT (NEWID()),
    [UserId] nvarchar(450) NULL,
    [Action] nvarchar(max) NULL,
    [Timestamp] datetime2 NOT NULL,
    [Details] nvarchar(max) NULL,
    [ResourceType] nvarchar(max) NULL,
    [ResourceId] nvarchar(max) NULL,
    CONSTRAINT [PK_AuditLogs] PRIMARY KEY ([Id])
);
