[16:51:06 INF] Executed DbCommand (531ms) [Parameters=[], CommandType='"Text"', CommandTimeout='30']
SELECT 1
[16:51:06 INF] Executed DbCommand (474ms) [Parameters=[], CommandType='"Text"', CommandTimeout='30']
SELECT OBJECT_ID(N'[__EFMigrationsHistory]');
[16:51:07 INF] Executed DbCommand (592ms) [Parameters=[], CommandType='"Text"', CommandTimeout='30']
SELECT 1
[16:51:07 INF] Executed DbCommand (455ms) [Parameters=[], CommandType='"Text"', CommandTimeout='30']
SELECT OBJECT_ID(N'[__EFMigrationsHistory]');
[16:51:08 INF] Executed DbCommand (397ms) [Parameters=[], CommandType='"Text"', CommandTimeout='30']
SELECT [MigrationId], [ProductVersion]
FROM [__EFMigrationsHistory]
ORDER BY [MigrationId];
[16:51:08 INF] Applying migration '20250603134307_InitialCreate'.
[16:51:09 INF] Executed DbCommand (445ms) [Parameters=[], CommandType='"Text"', CommandTimeout='30']
IF SCHEMA_ID(N'telehealthkeps') IS NULL EXEC(N'CREATE SCHEMA [telehealthkeps];');
[16:51:09 ERR] Failed executing DbCommand (438ms) [Parameters=[], CommandType='"Text"', CommandTimeout='30']
CREATE TABLE [AspNetRoles] (
    [Id] nvarchar(450) NOT NULL,
    [Name] nvarchar(256) NULL,
    [NormalizedName] nvarchar(256) NULL,
    [ConcurrencyStamp] nvarchar(max) NULL,
    CONSTRAINT [PK_AspNetRoles] PRIMARY KEY ([Id])
);
[17:12:32 INF] Executed DbCommand (463ms) [Parameters=[], CommandType='"Text"', CommandTimeout='30']
SELECT 1
[17:12:32 INF] Executed DbCommand (411ms) [Parameters=[], CommandType='"Text"', CommandTimeout='30']
SELECT OBJECT_ID(N'[__EFMigrationsHistory]');
[17:12:33 INF] Executed DbCommand (365ms) [Parameters=[], CommandType='"Text"', CommandTimeout='30']
SELECT 1
[17:12:33 INF] Executed DbCommand (394ms) [Parameters=[], CommandType='"Text"', CommandTimeout='30']
CREATE TABLE [__EFMigrationsHistory] (
    [MigrationId] nvarchar(150) NOT NULL,
    [ProductVersion] nvarchar(32) NOT NULL,
    CONSTRAINT [PK___EFMigrationsHistory] PRIMARY KEY ([MigrationId])
);
[17:12:34 INF] Executed DbCommand (380ms) [Parameters=[], CommandType='"Text"', CommandTimeout='30']
SELECT 1
[17:12:34 INF] Executed DbCommand (388ms) [Parameters=[], CommandType='"Text"', CommandTimeout='30']
SELECT OBJECT_ID(N'[__EFMigrationsHistory]');
[17:12:34 INF] Executed DbCommand (382ms) [Parameters=[], CommandType='"Text"', CommandTimeout='30']
SELECT [MigrationId], [ProductVersion]
FROM [__EFMigrationsHistory]
ORDER BY [MigrationId];
[17:12:34 INF] Applying migration '20250603151212_InitialCreateWithAuditLogs'.
[17:12:35 INF] Executed DbCommand (372ms) [Parameters=[], CommandType='"Text"', CommandTimeout='30']
IF SCHEMA_ID(N'telehealthkeps') IS NULL EXEC(N'CREATE SCHEMA [telehealthkeps];');
[17:12:36 ERR] Failed executing DbCommand (535ms) [Parameters=[], CommandType='"Text"', CommandTimeout='30']
CREATE TABLE [AspNetRoles] (
    [Id] nvarchar(450) NOT NULL,
    [Name] nvarchar(256) NULL,
    [NormalizedName] nvarchar(256) NULL,
    [ConcurrencyStamp] nvarchar(max) NULL,
    CONSTRAINT [PK_AspNetRoles] PRIMARY KEY ([Id])
);
