[09:13:56 INF] Request starting HTTP/1.1 POST https://localhost:7164/api/Patients - application/json 115
[09:13:56 INF] Executing endpoint 'TelehealthApi.Api.Controllers.PatientsController.CreatePatient (TelehealthApi.Api)'
[09:13:56 INF] Route matched with {action = "CreatePatient", controller = "Patients"}. Executing controller action with signature System.Threading.Tasks.Task`1[Microsoft.AspNetCore.Mvc.IActionResult] CreatePatient(PatientInput) on controller TelehealthApi.Api.Controllers.PatientsController (TelehealthApi.Api).
[09:13:56 INF] Attempting to create patient for email buhle@tinder.com by user kimberly@saynts.com from IP ::1
[09:14:00 INF] Executed DbCommand (446ms) [Parameters=[@p0='?' (DbType = Guid), @p1='?' (Size = 450), @p2='?' (Size = 4000), @p3='?' (Size = 4000), @p4='?' (Size = 4000)], CommandType='"Text"', CommandTimeout='30']
SET IMPLICIT_TRANSACTIONS OFF;
SET NOCOUNT ON;
INSERT INTO [Patients] ([Id], [Email], [EncryptedName], [FhirPatientId], [UserId])
VALUES (@p0, @p1, @p2, @p3, @p4);
[09:14:00 INF] Executed DbCommand (328ms) [Parameters=[@p0='?' (DbType = Guid), @p1='?' (Size = 4000), @p2='?' (Size = 4000), @p3='?' (Size = 4000), @p4='?' (Size = 4000), @p5='?' (DbType = DateTime2), @p6='?' (Size = 450)], CommandType='"Text"', CommandTimeout='30']
SET IMPLICIT_TRANSACTIONS OFF;
SET NOCOUNT ON;
INSERT INTO [telehealthkeps].[AuditLogs] ([Id], [Action], [Details], [ResourceId], [ResourceType], [Timestamp], [UserId])
VALUES (@p0, @p1, @p2, @p3, @p4, @p5, @p6);
[09:14:00 INF] Created patient 2 with local ID "51cd77a0-ad35-4566-a422-333325599553" by user kimberly@saynts.com
[09:14:00 INF] Executing CreatedAtActionResult, writing value of type 'Hl7.Fhir.Model.Patient'.
[09:14:00 INF] Executed action TelehealthApi.Api.Controllers.PatientsController.CreatePatient (TelehealthApi.Api) in 4198.2246ms
[09:14:00 INF] Executed endpoint 'TelehealthApi.Api.Controllers.PatientsController.CreatePatient (TelehealthApi.Api)'
[09:14:00 INF] Request finished HTTP/1.1 POST https://localhost:7164/api/Patients - 201 null application/json; charset=utf-8 4448.7ms
[09:19:34 INF] Request starting HTTP/1.1 POST https://localhost:7164/api/Patients - application/json 115
[09:19:34 INF] Executing endpoint 'TelehealthApi.Api.Controllers.PatientsController.CreatePatient (TelehealthApi.Api)'
[09:19:34 INF] Route matched with {action = "CreatePatient", controller = "Patients"}. Executing controller action with signature System.Threading.Tasks.Task`1[Microsoft.AspNetCore.Mvc.IActionResult] CreatePatient(PatientInput) on controller TelehealthApi.Api.Controllers.PatientsController (TelehealthApi.Api).
[09:19:34 INF] Attempting to create patient for email buhle@tinder.com by user kimberly@saynts.com from IP ::1
[09:19:35 ERR] An unexpected error occurred during patient creation for email buhle@tinder.com by user kimberly@saynts.com from IP ::1
System.Net.Http.HttpRequestException: An error occurred while sending the request.
 ---> System.IO.IOException: Unable to read data from the transport connection: An established connection was aborted by the software in your host machine..
 ---> System.Net.Sockets.SocketException (10053): An established connection was aborted by the software in your host machine.
   at System.Net.Sockets.Socket.AwaitableSocketAsyncEventArgs.CreateException(SocketError error, Boolean forAsyncThrow)
   at System.Net.Sockets.Socket.AwaitableSocketAsyncEventArgs.ReceiveAsync(Socket socket, CancellationToken cancellationToken)
   at System.Net.Sockets.Socket.ReceiveAsync(Memory`1 buffer, SocketFlags socketFlags, Boolean fromNetworkStream, CancellationToken cancellationToken)
   at System.Net.Sockets.NetworkStream.ReadAsync(Memory`1 buffer, CancellationToken cancellationToken)
   at System.Net.Http.HttpConnection.InitialFillAsync(Boolean async)
   at System.Runtime.CompilerServices.AsyncMethodBuilderCore.Start[TStateMachine](TStateMachine& stateMachine)
   at System.Net.Http.HttpConnection.InitialFillAsync(Boolean async)
   at System.Net.Http.HttpConnection.SendAsync(HttpRequestMessage request, Boolean async, CancellationToken cancellationToken)
   at System.Runtime.CompilerServices.AsyncMethodBuilderCore.Start[TStateMachine](TStateMachine& stateMachine)
   at System.Net.Http.HttpConnection.SendAsync(HttpRequestMessage request, Boolean async, CancellationToken cancellationToken)
   at System.Net.Http.HttpConnectionPool.SendWithVersionDetectionAndRetryAsync(HttpRequestMessage request, Boolean async, Boolean doRequestAuth, CancellationToken cancellationToken)
   at System.Runtime.CompilerServices.AsyncTaskMethodBuilder`1.AsyncStateMachineBox`1.ExecutionContextCallback(Object s)
   at System.Threading.ExecutionContext.RunInternal(ExecutionContext executionContext, ContextCallback callback, Object state)
   at System.Runtime.CompilerServices.AsyncTaskMethodBuilder`1.AsyncStateMachineBox`1.MoveNext(Thread threadPoolThread)
   at System.Runtime.CompilerServices.AsyncTaskMethodBuilder`1.AsyncStateMachineBox`1.MoveNext()
   at System.Runtime.CompilerServices.TaskAwaiter.<>c.<OutputWaitEtwEvents>b__12_0(Action innerContinuation, Task innerTask)
   at System.Threading.Tasks.AwaitTaskContinuation.RunOrScheduleAction(Action action, Boolean allowInlining)
   at System.Threading.Tasks.Task.RunContinuations(Object continuationObject)
   at System.Runtime.CompilerServices.AsyncTaskMethodBuilder`1.SetExistingTaskResult(Task`1 task, TResult result)
   at System.Net.Http.HttpConnectionPool.HttpConnectionWaiter`1.WaitForConnectionWithTelemetryAsync(HttpRequestMessage request, HttpConnectionPool pool, Boolean async, CancellationToken requestCancellationToken)
   at System.Runtime.CompilerServices.AsyncTaskMethodBuilder`1.AsyncStateMachineBox`1.ExecutionContextCallback(Object s)
   at System.Threading.ExecutionContext.RunInternal(ExecutionContext executionContext, ContextCallback callback, Object state)
   at System.Runtime.CompilerServices.AsyncTaskMethodBuilder`1.AsyncStateMachineBox`1.MoveNext(Thread threadPoolThread)
   at System.Runtime.CompilerServices.AsyncTaskMethodBuilder`1.AsyncStateMachineBox`1.MoveNext()
   at System.Runtime.CompilerServices.TaskAwaiter.<>c.<OutputWaitEtwEvents>b__12_0(Action innerContinuation, Task innerTask)
   at System.Threading.Tasks.AwaitTaskContinuation.RunOrScheduleAction(Action action, Boolean allowInlining)
   at System.Threading.Tasks.Task.RunContinuations(Object continuationObject)
   at System.Runtime.CompilerServices.AsyncTaskMethodBuilder`1.SetExistingTaskResult(Task`1 task, TResult result)
   at System.Threading.Tasks.TaskCompletionSourceWithCancellation`1.WaitWithCancellationAsync(CancellationToken cancellationToken)
   at System.Runtime.CompilerServices.AsyncTaskMethodBuilder`1.AsyncStateMachineBox`1.ExecutionContextCallback(Object s)
   at System.Threading.ExecutionContext.RunInternal(ExecutionContext executionContext, ContextCallback callback, Object state)
   at System.Runtime.CompilerServices.AsyncTaskMethodBuilder`1.AsyncStateMachineBox`1.MoveNext(Thread threadPoolThread)
   at System.Runtime.CompilerServices.AsyncTaskMethodBuilder`1.AsyncStateMachineBox`1.MoveNext()
   at System.Runtime.CompilerServices.TaskAwaiter.<>c.<OutputWaitEtwEvents>b__12_0(Action innerContinuation, Task innerTask)
   at System.Threading.Tasks.AwaitTaskContinuation.System.Threading.IThreadPoolWorkItem.Execute()
   at System.Threading.ThreadPoolWorkQueue.Dispatch()
   at System.Threading.PortableThreadPool.WorkerThread.WorkerThreadStart()
--- End of stack trace from previous location ---

   --- End of inner exception stack trace ---
   at System.Net.Http.HttpConnection.InitialFillAsync(Boolean async)
   at System.Net.Http.HttpConnection.SendAsync(HttpRequestMessage request, Boolean async, CancellationToken cancellationToken)
   --- End of inner exception stack trace ---
   at System.Net.Http.HttpConnection.SendAsync(HttpRequestMessage request, Boolean async, CancellationToken cancellationToken)
   at System.Net.Http.HttpConnectionPool.SendWithVersionDetectionAndRetryAsync(HttpRequestMessage request, Boolean async, Boolean doRequestAuth, CancellationToken cancellationToken)
   at System.Net.Http.DiagnosticsHandler.SendAsyncCore(HttpRequestMessage request, Boolean async, CancellationToken cancellationToken)
   at System.Net.Http.RedirectHandler.SendAsync(HttpRequestMessage request, Boolean async, CancellationToken cancellationToken)
   at System.Net.Http.DecompressionHandler.SendAsync(HttpRequestMessage request, Boolean async, CancellationToken cancellationToken)
   at System.Net.Http.HttpClient.<SendAsync>g__Core|83_0(HttpRequestMessage request, HttpCompletionOption completionOption, CancellationTokenSource cts, Boolean disposeCts, CancellationTokenSource pendingRequestsCts, CancellationToken originalCancellationToken)
   at Hl7.Fhir.Rest.HttpClientRequester.ExecuteAsync(HttpRequestMessage message, CancellationToken ct)
   at Hl7.Fhir.Rest.BaseFhirClient.executeAsync[TResource](Bundle tx, IEnumerable`1 expect, Nullable`1 ct)
   at TelehealthApi.Core.Services.FhirService.CreatePatientAsync(Patient patient) in C:\Users\Farai C Kepekepe\source\repos\TelehealthApi\TelehealthApi.Core\Services\FhirService.cs:line 47
   at TelehealthApi.Api.Controllers.PatientsController.CreatePatient(PatientInput input) in C:\Users\Farai C Kepekepe\source\repos\TelehealthApi\TelehealthApi.Api\Controllers\PatientsController.cs:line 127
[09:19:35 INF] Executed DbCommand (407ms) [Parameters=[@p0='?' (DbType = Guid), @p1='?' (Size = 4000), @p2='?' (Size = 4000), @p3='?' (Size = 4000), @p4='?' (Size = 4000), @p5='?' (DbType = DateTime2), @p6='?' (Size = 450)], CommandType='"Text"', CommandTimeout='30']
SET IMPLICIT_TRANSACTIONS OFF;
SET NOCOUNT ON;
INSERT INTO [telehealthkeps].[AuditLogs] ([Id], [Action], [Details], [ResourceId], [ResourceType], [Timestamp], [UserId])
VALUES (@p0, @p1, @p2, @p3, @p4, @p5, @p6);
[09:19:35 INF] Executing ObjectResult, writing value of type 'System.String'.
[09:19:35 INF] Executed action TelehealthApi.Api.Controllers.PatientsController.CreatePatient (TelehealthApi.Api) in 1344.8201ms
[09:19:36 INF] Executed endpoint 'TelehealthApi.Api.Controllers.PatientsController.CreatePatient (TelehealthApi.Api)'
[09:19:36 INF] Request finished HTTP/1.1 POST https://localhost:7164/api/Patients - 500 null text/plain; charset=utf-8 1431.9456ms
[09:22:08 INF] Request starting HTTP/1.1 POST https://localhost:7164/api/Patients - application/json 116
[09:22:08 INF] Executing endpoint 'TelehealthApi.Api.Controllers.PatientsController.CreatePatient (TelehealthApi.Api)'
[09:22:08 INF] Route matched with {action = "CreatePatient", controller = "Patients"}. Executing controller action with signature System.Threading.Tasks.Task`1[Microsoft.AspNetCore.Mvc.IActionResult] CreatePatient(PatientInput) on controller TelehealthApi.Api.Controllers.PatientsController (TelehealthApi.Api).
[09:22:08 INF] Attempting to create patient for email ayanda@tinder.com by user kimberly@saynts.com from IP ::1
[09:22:12 INF] Executed DbCommand (324ms) [Parameters=[@p0='?' (DbType = Guid), @p1='?' (Size = 450), @p2='?' (Size = 4000), @p3='?' (Size = 4000), @p4='?' (Size = 4000)], CommandType='"Text"', CommandTimeout='30']
SET IMPLICIT_TRANSACTIONS OFF;
SET NOCOUNT ON;
INSERT INTO [Patients] ([Id], [Email], [EncryptedName], [FhirPatientId], [UserId])
VALUES (@p0, @p1, @p2, @p3, @p4);
[09:22:12 INF] Executed DbCommand (303ms) [Parameters=[@p0='?' (DbType = Guid), @p1='?' (Size = 4000), @p2='?' (Size = 4000), @p3='?' (Size = 4000), @p4='?' (Size = 4000), @p5='?' (DbType = DateTime2), @p6='?' (Size = 450)], CommandType='"Text"', CommandTimeout='30']
SET IMPLICIT_TRANSACTIONS OFF;
SET NOCOUNT ON;
INSERT INTO [telehealthkeps].[AuditLogs] ([Id], [Action], [Details], [ResourceId], [ResourceType], [Timestamp], [UserId])
VALUES (@p0, @p1, @p2, @p3, @p4, @p5, @p6);
[09:22:12 INF] Created patient 1 with local ID "cd5aa79a-dec7-4fc7-8093-f8d9ef9534cc" by user kimberly@saynts.com
[09:22:12 INF] Executing CreatedAtActionResult, writing value of type 'Hl7.Fhir.Model.Patient'.
[09:22:12 INF] Executed action TelehealthApi.Api.Controllers.PatientsController.CreatePatient (TelehealthApi.Api) in 3909.7681ms
[09:22:12 INF] Executed endpoint 'TelehealthApi.Api.Controllers.PatientsController.CreatePatient (TelehealthApi.Api)'
[09:22:12 INF] Request finished HTTP/1.1 POST https://localhost:7164/api/Patients - 201 null application/json; charset=utf-8 4387.7637ms
[09:31:36 INF] Request starting HTTP/1.1 POST https://localhost:7164/api/Patients - application/json 125
[09:31:37 INF] Executing endpoint 'TelehealthApi.Api.Controllers.PatientsController.CreatePatient (TelehealthApi.Api)'
[09:31:37 INF] Route matched with {action = "CreatePatient", controller = "Patients"}. Executing controller action with signature System.Threading.Tasks.Task`1[Microsoft.AspNetCore.Mvc.IActionResult] CreatePatient(PatientInput) on controller TelehealthApi.Api.Controllers.PatientsController (TelehealthApi.Api).
[09:31:37 INF] Attempting to create patient for email patience2@tinder.com by user kimberly@saynts.com from IP ::1
[09:31:37 ERR] An unexpected error occurred during patient creation for email patience2@tinder.com by user kimberly@saynts.com from IP ::1
System.Net.Http.HttpRequestException: An error occurred while sending the request.
 ---> System.Net.Http.HttpIOException: The response ended prematurely. (ResponseEnded)
   at System.Net.Http.HttpConnection.SendAsync(HttpRequestMessage request, Boolean async, CancellationToken cancellationToken)
   --- End of inner exception stack trace ---
   at System.Net.Http.HttpConnection.SendAsync(HttpRequestMessage request, Boolean async, CancellationToken cancellationToken)
   at System.Net.Http.HttpConnectionPool.SendWithVersionDetectionAndRetryAsync(HttpRequestMessage request, Boolean async, Boolean doRequestAuth, CancellationToken cancellationToken)
   at System.Net.Http.DiagnosticsHandler.SendAsyncCore(HttpRequestMessage request, Boolean async, CancellationToken cancellationToken)
   at System.Net.Http.RedirectHandler.SendAsync(HttpRequestMessage request, Boolean async, CancellationToken cancellationToken)
   at System.Net.Http.DecompressionHandler.SendAsync(HttpRequestMessage request, Boolean async, CancellationToken cancellationToken)
   at System.Net.Http.HttpClient.<SendAsync>g__Core|83_0(HttpRequestMessage request, HttpCompletionOption completionOption, CancellationTokenSource cts, Boolean disposeCts, CancellationTokenSource pendingRequestsCts, CancellationToken originalCancellationToken)
   at Hl7.Fhir.Rest.HttpClientRequester.ExecuteAsync(HttpRequestMessage message, CancellationToken ct)
   at Hl7.Fhir.Rest.BaseFhirClient.executeAsync[TResource](Bundle tx, IEnumerable`1 expect, Nullable`1 ct)
   at TelehealthApi.Core.Services.FhirService.CreatePatientAsync(Patient patient) in C:\Users\Farai C Kepekepe\source\repos\TelehealthApi\TelehealthApi.Core\Services\FhirService.cs:line 47
   at TelehealthApi.Api.Controllers.PatientsController.CreatePatient(PatientInput input) in C:\Users\Farai C Kepekepe\source\repos\TelehealthApi\TelehealthApi.Api\Controllers\PatientsController.cs:line 127
[09:31:39 INF] Executed DbCommand (409ms) [Parameters=[@p0='?' (DbType = Guid), @p1='?' (Size = 4000), @p2='?' (Size = 4000), @p3='?' (Size = 4000), @p4='?' (Size = 4000), @p5='?' (DbType = DateTime2), @p6='?' (Size = 450)], CommandType='"Text"', CommandTimeout='30']
SET IMPLICIT_TRANSACTIONS OFF;
SET NOCOUNT ON;
INSERT INTO [telehealthkeps].[AuditLogs] ([Id], [Action], [Details], [ResourceId], [ResourceType], [Timestamp], [UserId])
VALUES (@p0, @p1, @p2, @p3, @p4, @p5, @p6);
[09:31:39 INF] Executing ObjectResult, writing value of type 'System.String'.
[09:31:39 INF] Executed action TelehealthApi.Api.Controllers.PatientsController.CreatePatient (TelehealthApi.Api) in 2751.6481ms
[09:31:39 INF] Executed endpoint 'TelehealthApi.Api.Controllers.PatientsController.CreatePatient (TelehealthApi.Api)'
[09:31:39 INF] Request finished HTTP/1.1 POST https://localhost:7164/api/Patients - 500 null text/plain; charset=utf-8 2960.6964ms
[09:48:20 INF] Request starting HTTP/1.1 POST https://localhost:7164/api/Patients - application/json 125
[09:48:20 INF] Executing endpoint 'TelehealthApi.Api.Controllers.PatientsController.CreatePatient (TelehealthApi.Api)'
[09:48:20 INF] Route matched with {action = "CreatePatient", controller = "Patients"}. Executing controller action with signature System.Threading.Tasks.Task`1[Microsoft.AspNetCore.Mvc.IActionResult] CreatePatient(PatientInput) on controller TelehealthApi.Api.Controllers.PatientsController (TelehealthApi.Api).
[09:48:20 INF] Attempting to create patient for email patience2@tinder.com by user kimberly@saynts.com from IP ::1
[09:48:25 INF] Executed DbCommand (428ms) [Parameters=[@p0='?' (DbType = Guid), @p1='?' (Size = 450), @p2='?' (Size = 4000), @p3='?' (Size = 4000), @p4='?' (Size = 4000)], CommandType='"Text"', CommandTimeout='30']
SET IMPLICIT_TRANSACTIONS OFF;
SET NOCOUNT ON;
INSERT INTO [Patients] ([Id], [Email], [EncryptedName], [FhirPatientId], [UserId])
VALUES (@p0, @p1, @p2, @p3, @p4);
[09:48:25 INF] Executed DbCommand (317ms) [Parameters=[@p0='?' (DbType = Guid), @p1='?' (Size = 4000), @p2='?' (Size = 4000), @p3='?' (Size = 4000), @p4='?' (Size = 4000), @p5='?' (DbType = DateTime2), @p6='?' (Size = 450)], CommandType='"Text"', CommandTimeout='30']
SET IMPLICIT_TRANSACTIONS OFF;
SET NOCOUNT ON;
INSERT INTO [telehealthkeps].[AuditLogs] ([Id], [Action], [Details], [ResourceId], [ResourceType], [Timestamp], [UserId])
VALUES (@p0, @p1, @p2, @p3, @p4, @p5, @p6);
[09:48:25 INF] Created patient 1 with local ID "15f80b1e-636b-468b-b579-eaecd6b1f9d6" by user kimberly@saynts.com
[09:48:25 INF] Executing CreatedAtActionResult, writing value of type 'Hl7.Fhir.Model.Patient'.
[09:48:25 INF] Executed action TelehealthApi.Api.Controllers.PatientsController.CreatePatient (TelehealthApi.Api) in 5199.9942ms
[09:48:25 INF] Executed endpoint 'TelehealthApi.Api.Controllers.PatientsController.CreatePatient (TelehealthApi.Api)'
[09:48:25 INF] Request finished HTTP/1.1 POST https://localhost:7164/api/Patients - 201 null application/json; charset=utf-8 5256.9824ms
[09:49:42 INF] Request starting HTTP/1.1 POST https://localhost:7164/api/Patients - application/json 120
[09:49:42 INF] Executing endpoint 'TelehealthApi.Api.Controllers.PatientsController.CreatePatient (TelehealthApi.Api)'
[09:49:42 INF] Route matched with {action = "CreatePatient", controller = "Patients"}. Executing controller action with signature System.Threading.Tasks.Task`1[Microsoft.AspNetCore.Mvc.IActionResult] CreatePatient(PatientInput) on controller TelehealthApi.Api.Controllers.PatientsController (TelehealthApi.Api).
[09:49:42 INF] Attempting to create patient for email portia@tinder.com by user kimberly@saynts.com from IP ::1
[09:49:42 INF] Executed DbCommand (326ms) [Parameters=[@p0='?' (DbType = Guid), @p1='?' (Size = 450), @p2='?' (Size = 4000), @p3='?' (Size = 4000), @p4='?' (Size = 4000)], CommandType='"Text"', CommandTimeout='30']
SET IMPLICIT_TRANSACTIONS OFF;
SET NOCOUNT ON;
INSERT INTO [Patients] ([Id], [Email], [EncryptedName], [FhirPatientId], [UserId])
VALUES (@p0, @p1, @p2, @p3, @p4);
[09:49:43 INF] Executed DbCommand (309ms) [Parameters=[@p0='?' (DbType = Guid), @p1='?' (Size = 4000), @p2='?' (Size = 4000), @p3='?' (Size = 4000), @p4='?' (Size = 4000), @p5='?' (DbType = DateTime2), @p6='?' (Size = 450)], CommandType='"Text"', CommandTimeout='30']
SET IMPLICIT_TRANSACTIONS OFF;
SET NOCOUNT ON;
INSERT INTO [telehealthkeps].[AuditLogs] ([Id], [Action], [Details], [ResourceId], [ResourceType], [Timestamp], [UserId])
VALUES (@p0, @p1, @p2, @p3, @p4, @p5, @p6);
[09:49:43 INF] Created patient 2 with local ID "28145153-8f70-438d-8295-e98b293cf611" by user kimberly@saynts.com
[09:49:43 INF] Executing CreatedAtActionResult, writing value of type 'Hl7.Fhir.Model.Patient'.
[09:49:43 INF] Executed action TelehealthApi.Api.Controllers.PatientsController.CreatePatient (TelehealthApi.Api) in 887.3315ms
[09:49:43 INF] Executed endpoint 'TelehealthApi.Api.Controllers.PatientsController.CreatePatient (TelehealthApi.Api)'
[09:49:43 INF] Request finished HTTP/1.1 POST https://localhost:7164/api/Patients - 201 null application/json; charset=utf-8 933.5035ms
[09:58:36 INF] Request starting HTTP/1.1 POST https://localhost:7164/api/Patients - application/json 119
[09:58:36 INF] Executing endpoint 'TelehealthApi.Api.Controllers.PatientsController.CreatePatient (TelehealthApi.Api)'
[09:58:36 INF] Route matched with {action = "CreatePatient", controller = "Patients"}. Executing controller action with signature System.Threading.Tasks.Task`1[Microsoft.AspNetCore.Mvc.IActionResult] CreatePatient(PatientInput) on controller TelehealthApi.Api.Controllers.PatientsController (TelehealthApi.Api).
[09:58:36 INF] Attempting to create patient for email pamela@expirienced.com by user kimberly@saynts.com from IP ::1
[09:58:40 INF] Executed DbCommand (426ms) [Parameters=[@p0='?' (DbType = Guid), @p1='?' (Size = 450), @p2='?' (Size = 4000), @p3='?' (Size = 4000), @p4='?' (Size = 4000)], CommandType='"Text"', CommandTimeout='30']
SET IMPLICIT_TRANSACTIONS OFF;
SET NOCOUNT ON;
INSERT INTO [Patients] ([Id], [Email], [EncryptedName], [FhirPatientId], [UserId])
VALUES (@p0, @p1, @p2, @p3, @p4);
[09:58:40 INF] Executed DbCommand (339ms) [Parameters=[@p0='?' (DbType = Guid), @p1='?' (Size = 4000), @p2='?' (Size = 4000), @p3='?' (Size = 4000), @p4='?' (Size = 4000), @p5='?' (DbType = DateTime2), @p6='?' (Size = 450)], CommandType='"Text"', CommandTimeout='30']
SET IMPLICIT_TRANSACTIONS OFF;
SET NOCOUNT ON;
INSERT INTO [telehealthkeps].[AuditLogs] ([Id], [Action], [Details], [ResourceId], [ResourceType], [Timestamp], [UserId])
VALUES (@p0, @p1, @p2, @p3, @p4, @p5, @p6);
[09:58:40 INF] Created patient 1 with local ID "76031496-1756-4a5b-8064-7645a94a1fd9" by user kimberly@saynts.com
[09:58:40 INF] Executing CreatedAtActionResult, writing value of type 'Hl7.Fhir.Model.Patient'.
[09:58:40 INF] Executed action TelehealthApi.Api.Controllers.PatientsController.CreatePatient (TelehealthApi.Api) in 4055.1084ms
[09:58:40 INF] Executed endpoint 'TelehealthApi.Api.Controllers.PatientsController.CreatePatient (TelehealthApi.Api)'
[09:58:40 INF] Request finished HTTP/1.1 POST https://localhost:7164/api/Patients - 201 null application/json; charset=utf-8 4158.4441ms
[12:36:27 INF] Request starting HTTP/1.1 POST https://localhost:7164/api/Patients - application/json 123
[12:36:27 INF] Executing endpoint 'TelehealthApi.Api.Controllers.PatientsController.CreatePatient (TelehealthApi.Api)'
[12:36:27 INF] Route matched with {action = "CreatePatient", controller = "Patients"}. Executing controller action with signature System.Threading.Tasks.Task`1[Microsoft.AspNetCore.Mvc.IActionResult] CreatePatient(PatientInput) on controller TelehealthApi.Api.Controllers.PatientsController (TelehealthApi.Api).
[12:36:27 INF] Attempting to create patient for email sondy@babymamadrama.com by user kimberly@saynts.com from IP ::1
[12:36:32 INF] Executed DbCommand (438ms) [Parameters=[@p0='?' (DbType = Guid), @p1='?' (Size = 450), @p2='?' (Size = 4000), @p3='?' (Size = 4000), @p4='?' (Size = 4000)], CommandType='"Text"', CommandTimeout='30']
SET IMPLICIT_TRANSACTIONS OFF;
SET NOCOUNT ON;
INSERT INTO [Patients] ([Id], [Email], [EncryptedName], [FhirPatientId], [UserId])
VALUES (@p0, @p1, @p2, @p3, @p4);
[12:36:32 INF] Executed DbCommand (386ms) [Parameters=[@p0='?' (DbType = Guid), @p1='?' (Size = 4000), @p2='?' (Size = 4000), @p3='?' (Size = 4000), @p4='?' (Size = 4000), @p5='?' (DbType = DateTime2), @p6='?' (Size = 450)], CommandType='"Text"', CommandTimeout='30']
SET IMPLICIT_TRANSACTIONS OFF;
SET NOCOUNT ON;
INSERT INTO [telehealthkeps].[AuditLogs] ([Id], [Action], [Details], [ResourceId], [ResourceType], [Timestamp], [UserId])
VALUES (@p0, @p1, @p2, @p3, @p4, @p5, @p6);
[12:36:32 INF] Created patient 1 with local ID "5136b659-3498-4d7f-8948-54e4e77d46b3" by user kimberly@saynts.com
[12:36:32 INF] Executing CreatedAtActionResult, writing value of type 'Hl7.Fhir.Model.Patient'.
[12:36:32 INF] Executed action TelehealthApi.Api.Controllers.PatientsController.CreatePatient (TelehealthApi.Api) in 5453.0439ms
[12:36:32 INF] Executed endpoint 'TelehealthApi.Api.Controllers.PatientsController.CreatePatient (TelehealthApi.Api)'
[12:36:32 INF] Request finished HTTP/1.1 POST https://localhost:7164/api/Patients - 201 null application/json; charset=utf-8 5622.0206ms
[12:39:06 INF] Request starting HTTP/1.1 POST https://localhost:7164/api/Patients - application/json 113
[12:39:06 INF] Executing endpoint 'TelehealthApi.Api.Controllers.PatientsController.CreatePatient (TelehealthApi.Api)'
[12:39:06 INF] Route matched with {action = "CreatePatient", controller = "Patients"}. Executing controller action with signature System.Threading.Tasks.Task`1[Microsoft.AspNetCore.Mvc.IActionResult] CreatePatient(PatientInput) on controller TelehealthApi.Api.Controllers.PatientsController (TelehealthApi.Api).
[12:39:06 INF] Attempting to create patient for email dolly@herero.com by user kimberly@saynts.com from IP ::1
[12:39:07 ERR] An unexpected error occurred during patient creation for email dolly@herero.com by user kimberly@saynts.com from IP ::1
System.Net.Http.HttpRequestException: An error occurred while sending the request.
 ---> System.Net.Http.HttpIOException: The response ended prematurely. (ResponseEnded)
   at System.Net.Http.HttpConnection.SendAsync(HttpRequestMessage request, Boolean async, CancellationToken cancellationToken)
   --- End of inner exception stack trace ---
   at System.Net.Http.HttpConnection.SendAsync(HttpRequestMessage request, Boolean async, CancellationToken cancellationToken)
   at System.Net.Http.HttpConnectionPool.SendWithVersionDetectionAndRetryAsync(HttpRequestMessage request, Boolean async, Boolean doRequestAuth, CancellationToken cancellationToken)
   at System.Net.Http.DiagnosticsHandler.SendAsyncCore(HttpRequestMessage request, Boolean async, CancellationToken cancellationToken)
   at System.Net.Http.RedirectHandler.SendAsync(HttpRequestMessage request, Boolean async, CancellationToken cancellationToken)
   at System.Net.Http.DecompressionHandler.SendAsync(HttpRequestMessage request, Boolean async, CancellationToken cancellationToken)
   at System.Net.Http.HttpClient.<SendAsync>g__Core|83_0(HttpRequestMessage request, HttpCompletionOption completionOption, CancellationTokenSource cts, Boolean disposeCts, CancellationTokenSource pendingRequestsCts, CancellationToken originalCancellationToken)
   at Hl7.Fhir.Rest.HttpClientRequester.ExecuteAsync(HttpRequestMessage message, CancellationToken ct)
   at Hl7.Fhir.Rest.BaseFhirClient.executeAsync[TResource](Bundle tx, IEnumerable`1 expect, Nullable`1 ct)
   at TelehealthApi.Core.Services.FhirService.CreatePatientAsync(Patient patient) in C:\Users\Farai C Kepekepe\source\repos\TelehealthApi\TelehealthApi.Core\Services\FhirService.cs:line 47
   at TelehealthApi.Api.Controllers.PatientsController.CreatePatient(PatientInput input) in C:\Users\Farai C Kepekepe\source\repos\TelehealthApi\TelehealthApi.Api\Controllers\PatientsController.cs:line 127
[12:39:08 INF] Executed DbCommand (526ms) [Parameters=[@p0='?' (DbType = Guid), @p1='?' (Size = 4000), @p2='?' (Size = 4000), @p3='?' (Size = 4000), @p4='?' (Size = 4000), @p5='?' (DbType = DateTime2), @p6='?' (Size = 450)], CommandType='"Text"', CommandTimeout='30']
SET IMPLICIT_TRANSACTIONS OFF;
SET NOCOUNT ON;
INSERT INTO [telehealthkeps].[AuditLogs] ([Id], [Action], [Details], [ResourceId], [ResourceType], [Timestamp], [UserId])
VALUES (@p0, @p1, @p2, @p3, @p4, @p5, @p6);
[12:39:08 INF] Executing ObjectResult, writing value of type 'System.String'.
[12:39:08 INF] Executed action TelehealthApi.Api.Controllers.PatientsController.CreatePatient (TelehealthApi.Api) in 1599.2497ms
[12:39:08 INF] Executed endpoint 'TelehealthApi.Api.Controllers.PatientsController.CreatePatient (TelehealthApi.Api)'
[12:39:08 INF] Request finished HTTP/1.1 POST https://localhost:7164/api/Patients - 500 null text/plain; charset=utf-8 1964.5049ms
[12:40:05 INF] Request starting HTTP/1.1 POST https://localhost:7164/api/Patients - application/json 113
[12:40:05 INF] Executing endpoint 'TelehealthApi.Api.Controllers.PatientsController.CreatePatient (TelehealthApi.Api)'
[12:40:05 INF] Route matched with {action = "CreatePatient", controller = "Patients"}. Executing controller action with signature System.Threading.Tasks.Task`1[Microsoft.AspNetCore.Mvc.IActionResult] CreatePatient(PatientInput) on controller TelehealthApi.Api.Controllers.PatientsController (TelehealthApi.Api).
[12:40:05 INF] Attempting to create patient for email dolly@herero.com by user kimberly@saynts.com from IP ::1
[12:40:08 INF] Executed DbCommand (316ms) [Parameters=[@p0='?' (DbType = Guid), @p1='?' (Size = 450), @p2='?' (Size = 4000), @p3='?' (Size = 4000), @p4='?' (Size = 4000)], CommandType='"Text"', CommandTimeout='30']
SET IMPLICIT_TRANSACTIONS OFF;
SET NOCOUNT ON;
INSERT INTO [Patients] ([Id], [Email], [EncryptedName], [FhirPatientId], [UserId])
VALUES (@p0, @p1, @p2, @p3, @p4);
[12:40:08 INF] Executed DbCommand (307ms) [Parameters=[@p0='?' (DbType = Guid), @p1='?' (Size = 4000), @p2='?' (Size = 4000), @p3='?' (Size = 4000), @p4='?' (Size = 4000), @p5='?' (DbType = DateTime2), @p6='?' (Size = 450)], CommandType='"Text"', CommandTimeout='30']
SET IMPLICIT_TRANSACTIONS OFF;
SET NOCOUNT ON;
INSERT INTO [telehealthkeps].[AuditLogs] ([Id], [Action], [Details], [ResourceId], [ResourceType], [Timestamp], [UserId])
VALUES (@p0, @p1, @p2, @p3, @p4, @p5, @p6);
[12:40:08 INF] Created patient 1 with local ID "010edbe8-a6c0-45ae-91d6-279ab51958fe" by user kimberly@saynts.com
[12:40:08 INF] Executing CreatedAtActionResult, writing value of type 'Hl7.Fhir.Model.Patient'.
[12:40:08 INF] Executed action TelehealthApi.Api.Controllers.PatientsController.CreatePatient (TelehealthApi.Api) in 3523.3642ms
[12:40:08 INF] Executed endpoint 'TelehealthApi.Api.Controllers.PatientsController.CreatePatient (TelehealthApi.Api)'
[12:40:08 INF] Request finished HTTP/1.1 POST https://localhost:7164/api/Patients - 201 null application/json; charset=utf-8 3581.9398ms
[12:44:04 INF] Request starting HTTP/1.1 POST https://localhost:7164/api/Patients - application/json 113
[12:44:05 INF] Executing endpoint 'TelehealthApi.Api.Controllers.PatientsController.CreatePatient (TelehealthApi.Api)'
[12:44:05 INF] Route matched with {action = "CreatePatient", controller = "Patients"}. Executing controller action with signature System.Threading.Tasks.Task`1[Microsoft.AspNetCore.Mvc.IActionResult] CreatePatient(PatientInput) on controller TelehealthApi.Api.Controllers.PatientsController (TelehealthApi.Api).
[12:44:05 INF] Attempting to create patient for email jen@herero.com by user kimberly@saynts.com from IP ::1
[12:44:09 INF] Executed DbCommand (455ms) [Parameters=[@p0='?' (DbType = Guid), @p1='?' (Size = 450), @p2='?' (Size = 4000), @p3='?' (Size = 4000), @p4='?' (Size = 4000)], CommandType='"Text"', CommandTimeout='30']
SET IMPLICIT_TRANSACTIONS OFF;
SET NOCOUNT ON;
INSERT INTO [Patients] ([Id], [Email], [EncryptedName], [FhirPatientId], [UserId])
VALUES (@p0, @p1, @p2, @p3, @p4);
[12:44:09 INF] Executed DbCommand (316ms) [Parameters=[@p0='?' (DbType = Guid), @p1='?' (Size = 4000), @p2='?' (Size = 4000), @p3='?' (Size = 4000), @p4='?' (Size = 4000), @p5='?' (DbType = DateTime2), @p6='?' (Size = 450)], CommandType='"Text"', CommandTimeout='30']
SET IMPLICIT_TRANSACTIONS OFF;
SET NOCOUNT ON;
INSERT INTO [telehealthkeps].[AuditLogs] ([Id], [Action], [Details], [ResourceId], [ResourceType], [Timestamp], [UserId])
VALUES (@p0, @p1, @p2, @p3, @p4, @p5, @p6);
[12:44:09 INF] Created patient 1 with local ID "cf1b5b45-1671-4736-9c61-eb554e1c7671" by user kimberly@saynts.com
[12:44:09 INF] Executing CreatedAtActionResult, writing value of type 'Hl7.Fhir.Model.Patient'.
[12:44:09 INF] Executed action TelehealthApi.Api.Controllers.PatientsController.CreatePatient (TelehealthApi.Api) in 4743.507ms
[12:44:09 INF] Executed endpoint 'TelehealthApi.Api.Controllers.PatientsController.CreatePatient (TelehealthApi.Api)'
[12:44:09 INF] Request finished HTTP/1.1 POST https://localhost:7164/api/Patients - 201 null application/json; charset=utf-8 4835.7148ms
[13:30:04 INF] Request starting HTTP/1.1 POST https://localhost:7164/api/Patients - application/json 117
[13:30:04 INF] Executing endpoint 'TelehealthApi.Api.Controllers.PatientsController.CreatePatient (TelehealthApi.Api)'
[13:30:04 INF] Route matched with {action = "CreatePatient", controller = "Patients"}. Executing controller action with signature System.Threading.Tasks.Task`1[Microsoft.AspNetCore.Mvc.IActionResult] CreatePatient(PatientInput) on controller TelehealthApi.Api.Controllers.PatientsController (TelehealthApi.Api).
[13:30:04 INF] Attempting to create patient for email hilma@loyal1.com by user kimberly@saynts.com from IP ::1
[13:30:07 ERR] An unexpected error occurred during patient creation for email hilma@loyal1.com by user kimberly@saynts.com from IP ::1
Hl7.Fhir.Rest.FhirOperationException: Operation was unsuccessful because of a client error (NotFound). Body: <!DOCTYPE HTML PUBLIC "-//IETF//DTD HTML 2.0//EN">
<html><head>
<title>404 Not Found</title>
</head><body>
<h1>Not Found</h1>
<p>The requested URL was not found on this server.</p>
</body></html>

   at Hl7.Fhir.Rest.BaseFhirClient.extractResourceFromHttpResponse[TResource](IEnumerable`1 expect, HttpResponseMessage responseMessage, HttpRequestMessage msg, EntryComponent entryComponent, Boolean useBinaryProtocol)
   at Hl7.Fhir.Rest.BaseFhirClient.executeAsync[TResource](Bundle tx, IEnumerable`1 expect, Nullable`1 ct)
   at TelehealthApi.Core.Services.FhirService.CreatePatientAsync(Patient patient) in C:\Users\Farai C Kepekepe\source\repos\TelehealthApi\TelehealthApi.Core\Services\FhirService.cs:line 47
   at TelehealthApi.Api.Controllers.PatientsController.CreatePatient(PatientInput input) in C:\Users\Farai C Kepekepe\source\repos\TelehealthApi\TelehealthApi.Api\Controllers\PatientsController.cs:line 127
[13:30:09 INF] Executed DbCommand (914ms) [Parameters=[@p0='?' (DbType = Guid), @p1='?' (Size = 4000), @p2='?' (Size = 4000), @p3='?' (Size = 4000), @p4='?' (Size = 4000), @p5='?' (DbType = DateTime2), @p6='?' (Size = 450)], CommandType='"Text"', CommandTimeout='30']
SET IMPLICIT_TRANSACTIONS OFF;
SET NOCOUNT ON;
INSERT INTO [telehealthkeps].[AuditLogs] ([Id], [Action], [Details], [ResourceId], [ResourceType], [Timestamp], [UserId])
VALUES (@p0, @p1, @p2, @p3, @p4, @p5, @p6);
[13:30:09 INF] Executing ObjectResult, writing value of type 'System.String'.
[13:30:09 INF] Executed action TelehealthApi.Api.Controllers.PatientsController.CreatePatient (TelehealthApi.Api) in 4973.571ms
[13:30:09 INF] Executed endpoint 'TelehealthApi.Api.Controllers.PatientsController.CreatePatient (TelehealthApi.Api)'
[13:30:09 INF] Request finished HTTP/1.1 POST https://localhost:7164/api/Patients - 500 null text/plain; charset=utf-8 5095.2576ms
[13:30:30 INF] Request starting HTTP/1.1 POST https://localhost:7164/api/Patients - application/json 117
[13:30:30 INF] Executing endpoint 'TelehealthApi.Api.Controllers.PatientsController.CreatePatient (TelehealthApi.Api)'
[13:30:30 INF] Route matched with {action = "CreatePatient", controller = "Patients"}. Executing controller action with signature System.Threading.Tasks.Task`1[Microsoft.AspNetCore.Mvc.IActionResult] CreatePatient(PatientInput) on controller TelehealthApi.Api.Controllers.PatientsController (TelehealthApi.Api).
[13:30:30 INF] Attempting to create patient for email hilma@loyal1.com by user kimberly@saynts.com from IP ::1
[13:30:32 ERR] An unexpected error occurred during patient creation for email hilma@loyal1.com by user kimberly@saynts.com from IP ::1
Hl7.Fhir.Rest.FhirOperationException: Operation was unsuccessful because of a client error (NotFound). Body: <!DOCTYPE HTML PUBLIC "-//IETF//DTD HTML 2.0//EN">
<html><head>
<title>404 Not Found</title>
</head><body>
<h1>Not Found</h1>
<p>The requested URL was not found on this server.</p>
</body></html>

   at Hl7.Fhir.Rest.BaseFhirClient.extractResourceFromHttpResponse[TResource](IEnumerable`1 expect, HttpResponseMessage responseMessage, HttpRequestMessage msg, EntryComponent entryComponent, Boolean useBinaryProtocol)
   at Hl7.Fhir.Rest.BaseFhirClient.executeAsync[TResource](Bundle tx, IEnumerable`1 expect, Nullable`1 ct)
   at TelehealthApi.Core.Services.FhirService.CreatePatientAsync(Patient patient) in C:\Users\Farai C Kepekepe\source\repos\TelehealthApi\TelehealthApi.Core\Services\FhirService.cs:line 47
   at TelehealthApi.Api.Controllers.PatientsController.CreatePatient(PatientInput input) in C:\Users\Farai C Kepekepe\source\repos\TelehealthApi\TelehealthApi.Api\Controllers\PatientsController.cs:line 127
[13:30:33 INF] Executed DbCommand (390ms) [Parameters=[@p0='?' (DbType = Guid), @p1='?' (Size = 4000), @p2='?' (Size = 4000), @p3='?' (Size = 4000), @p4='?' (Size = 4000), @p5='?' (DbType = DateTime2), @p6='?' (Size = 450)], CommandType='"Text"', CommandTimeout='30']
SET IMPLICIT_TRANSACTIONS OFF;
SET NOCOUNT ON;
INSERT INTO [telehealthkeps].[AuditLogs] ([Id], [Action], [Details], [ResourceId], [ResourceType], [Timestamp], [UserId])
VALUES (@p0, @p1, @p2, @p3, @p4, @p5, @p6);
[13:30:33 INF] Executing ObjectResult, writing value of type 'System.String'.
[13:30:33 INF] Executed action TelehealthApi.Api.Controllers.PatientsController.CreatePatient (TelehealthApi.Api) in 2800.6993ms
[13:30:33 INF] Executed endpoint 'TelehealthApi.Api.Controllers.PatientsController.CreatePatient (TelehealthApi.Api)'
[13:30:33 INF] Request finished HTTP/1.1 POST https://localhost:7164/api/Patients - 500 null text/plain; charset=utf-8 2828.0518ms
[13:31:39 INF] Request starting HTTP/1.1 POST https://localhost:7164/api/Patients - application/json 117
[13:31:39 INF] Executing endpoint 'TelehealthApi.Api.Controllers.PatientsController.CreatePatient (TelehealthApi.Api)'
[13:31:39 INF] Route matched with {action = "CreatePatient", controller = "Patients"}. Executing controller action with signature System.Threading.Tasks.Task`1[Microsoft.AspNetCore.Mvc.IActionResult] CreatePatient(PatientInput) on controller TelehealthApi.Api.Controllers.PatientsController (TelehealthApi.Api).
[13:31:39 INF] Attempting to create patient for email hilma@loyal1.com by user kimberly@saynts.com from IP ::1
[13:31:40 ERR] An unexpected error occurred during patient creation for email hilma@loyal1.com by user kimberly@saynts.com from IP ::1
System.Net.Http.HttpRequestException: An error occurred while sending the request.
 ---> System.Net.Http.HttpIOException: The response ended prematurely. (ResponseEnded)
   at System.Net.Http.HttpConnection.SendAsync(HttpRequestMessage request, Boolean async, CancellationToken cancellationToken)
   --- End of inner exception stack trace ---
   at System.Net.Http.HttpConnection.SendAsync(HttpRequestMessage request, Boolean async, CancellationToken cancellationToken)
   at System.Net.Http.HttpConnectionPool.SendWithVersionDetectionAndRetryAsync(HttpRequestMessage request, Boolean async, Boolean doRequestAuth, CancellationToken cancellationToken)
   at System.Net.Http.DiagnosticsHandler.SendAsyncCore(HttpRequestMessage request, Boolean async, CancellationToken cancellationToken)
   at System.Net.Http.RedirectHandler.SendAsync(HttpRequestMessage request, Boolean async, CancellationToken cancellationToken)
   at System.Net.Http.DecompressionHandler.SendAsync(HttpRequestMessage request, Boolean async, CancellationToken cancellationToken)
   at System.Net.Http.HttpClient.<SendAsync>g__Core|83_0(HttpRequestMessage request, HttpCompletionOption completionOption, CancellationTokenSource cts, Boolean disposeCts, CancellationTokenSource pendingRequestsCts, CancellationToken originalCancellationToken)
   at Hl7.Fhir.Rest.HttpClientRequester.ExecuteAsync(HttpRequestMessage message, CancellationToken ct)
   at Hl7.Fhir.Rest.BaseFhirClient.executeAsync[TResource](Bundle tx, IEnumerable`1 expect, Nullable`1 ct)
   at TelehealthApi.Core.Services.FhirService.CreatePatientAsync(Patient patient) in C:\Users\Farai C Kepekepe\source\repos\TelehealthApi\TelehealthApi.Core\Services\FhirService.cs:line 47
   at TelehealthApi.Api.Controllers.PatientsController.CreatePatient(PatientInput input) in C:\Users\Farai C Kepekepe\source\repos\TelehealthApi\TelehealthApi.Api\Controllers\PatientsController.cs:line 127
[13:31:40 INF] Executed DbCommand (432ms) [Parameters=[@p0='?' (DbType = Guid), @p1='?' (Size = 4000), @p2='?' (Size = 4000), @p3='?' (Size = 4000), @p4='?' (Size = 4000), @p5='?' (DbType = DateTime2), @p6='?' (Size = 450)], CommandType='"Text"', CommandTimeout='30']
SET IMPLICIT_TRANSACTIONS OFF;
SET NOCOUNT ON;
INSERT INTO [telehealthkeps].[AuditLogs] ([Id], [Action], [Details], [ResourceId], [ResourceType], [Timestamp], [UserId])
VALUES (@p0, @p1, @p2, @p3, @p4, @p5, @p6);
[13:31:40 INF] Executing ObjectResult, writing value of type 'System.String'.
[13:31:40 INF] Executed action TelehealthApi.Api.Controllers.PatientsController.CreatePatient (TelehealthApi.Api) in 780.0493ms
[13:31:40 INF] Executed endpoint 'TelehealthApi.Api.Controllers.PatientsController.CreatePatient (TelehealthApi.Api)'
[13:31:40 INF] Request finished HTTP/1.1 POST https://localhost:7164/api/Patients - 500 null text/plain; charset=utf-8 865.3538ms
[13:32:13 INF] Request starting HTTP/1.1 POST https://localhost:7164/api/Patients - application/json 117
[13:32:13 INF] Executing endpoint 'TelehealthApi.Api.Controllers.PatientsController.CreatePatient (TelehealthApi.Api)'
[13:32:13 INF] Route matched with {action = "CreatePatient", controller = "Patients"}. Executing controller action with signature System.Threading.Tasks.Task`1[Microsoft.AspNetCore.Mvc.IActionResult] CreatePatient(PatientInput) on controller TelehealthApi.Api.Controllers.PatientsController (TelehealthApi.Api).
[13:32:13 INF] Attempting to create patient for email hilma@loyal1.com by user kimberly@saynts.com from IP ::1
[13:32:13 ERR] An unexpected error occurred during patient creation for email hilma@loyal1.com by user kimberly@saynts.com from IP ::1
System.Net.Http.HttpRequestException: An error occurred while sending the request.
 ---> System.Net.Http.HttpIOException: The response ended prematurely. (ResponseEnded)
   at System.Net.Http.HttpConnection.SendAsync(HttpRequestMessage request, Boolean async, CancellationToken cancellationToken)
   --- End of inner exception stack trace ---
   at System.Net.Http.HttpConnection.SendAsync(HttpRequestMessage request, Boolean async, CancellationToken cancellationToken)
   at System.Net.Http.HttpConnectionPool.SendWithVersionDetectionAndRetryAsync(HttpRequestMessage request, Boolean async, Boolean doRequestAuth, CancellationToken cancellationToken)
   at System.Net.Http.DiagnosticsHandler.SendAsyncCore(HttpRequestMessage request, Boolean async, CancellationToken cancellationToken)
   at System.Net.Http.RedirectHandler.SendAsync(HttpRequestMessage request, Boolean async, CancellationToken cancellationToken)
   at System.Net.Http.DecompressionHandler.SendAsync(HttpRequestMessage request, Boolean async, CancellationToken cancellationToken)
   at System.Net.Http.HttpClient.<SendAsync>g__Core|83_0(HttpRequestMessage request, HttpCompletionOption completionOption, CancellationTokenSource cts, Boolean disposeCts, CancellationTokenSource pendingRequestsCts, CancellationToken originalCancellationToken)
   at Hl7.Fhir.Rest.HttpClientRequester.ExecuteAsync(HttpRequestMessage message, CancellationToken ct)
   at Hl7.Fhir.Rest.BaseFhirClient.executeAsync[TResource](Bundle tx, IEnumerable`1 expect, Nullable`1 ct)
   at TelehealthApi.Core.Services.FhirService.CreatePatientAsync(Patient patient) in C:\Users\Farai C Kepekepe\source\repos\TelehealthApi\TelehealthApi.Core\Services\FhirService.cs:line 47
   at TelehealthApi.Api.Controllers.PatientsController.CreatePatient(PatientInput input) in C:\Users\Farai C Kepekepe\source\repos\TelehealthApi\TelehealthApi.Api\Controllers\PatientsController.cs:line 127
[13:32:14 INF] Executed DbCommand (392ms) [Parameters=[@p0='?' (DbType = Guid), @p1='?' (Size = 4000), @p2='?' (Size = 4000), @p3='?' (Size = 4000), @p4='?' (Size = 4000), @p5='?' (DbType = DateTime2), @p6='?' (Size = 450)], CommandType='"Text"', CommandTimeout='30']
SET IMPLICIT_TRANSACTIONS OFF;
SET NOCOUNT ON;
INSERT INTO [telehealthkeps].[AuditLogs] ([Id], [Action], [Details], [ResourceId], [ResourceType], [Timestamp], [UserId])
VALUES (@p0, @p1, @p2, @p3, @p4, @p5, @p6);
[13:32:14 INF] Executing ObjectResult, writing value of type 'System.String'.
[13:32:14 INF] Executed action TelehealthApi.Api.Controllers.PatientsController.CreatePatient (TelehealthApi.Api) in 963.1886ms
[13:32:14 INF] Executed endpoint 'TelehealthApi.Api.Controllers.PatientsController.CreatePatient (TelehealthApi.Api)'
[13:32:14 INF] Request finished HTTP/1.1 POST https://localhost:7164/api/Patients - 500 null text/plain; charset=utf-8 1023.8856ms
[14:36:17 INF] Request starting HTTP/1.1 POST https://localhost:7164/api/Patients - application/json 117
[14:36:17 INF] Executing endpoint 'TelehealthApi.Api.Controllers.PatientsController.CreatePatient (TelehealthApi.Api)'
[14:36:17 INF] Route matched with {action = "CreatePatient", controller = "Patients"}. Executing controller action with signature System.Threading.Tasks.Task`1[Microsoft.AspNetCore.Mvc.IActionResult] CreatePatient(PatientInput) on controller TelehealthApi.Api.Controllers.PatientsController (TelehealthApi.Api).
[14:36:17 INF] Attempting to create patient for email hilma@loyal1.com by user kimberly@saynts.com from IP ::1
[14:36:18 ERR] An unexpected error occurred during patient creation for email hilma@loyal1.com by user kimberly@saynts.com from IP ::1
System.Net.Http.HttpRequestException: An error occurred while sending the request.
 ---> System.Net.Http.HttpIOException: The response ended prematurely. (ResponseEnded)
   at System.Net.Http.HttpConnection.SendAsync(HttpRequestMessage request, Boolean async, CancellationToken cancellationToken)
   --- End of inner exception stack trace ---
   at System.Net.Http.HttpConnection.SendAsync(HttpRequestMessage request, Boolean async, CancellationToken cancellationToken)
   at System.Net.Http.HttpConnectionPool.SendWithVersionDetectionAndRetryAsync(HttpRequestMessage request, Boolean async, Boolean doRequestAuth, CancellationToken cancellationToken)
   at System.Net.Http.DiagnosticsHandler.SendAsyncCore(HttpRequestMessage request, Boolean async, CancellationToken cancellationToken)
   at System.Net.Http.RedirectHandler.SendAsync(HttpRequestMessage request, Boolean async, CancellationToken cancellationToken)
   at System.Net.Http.DecompressionHandler.SendAsync(HttpRequestMessage request, Boolean async, CancellationToken cancellationToken)
   at System.Net.Http.HttpClient.<SendAsync>g__Core|83_0(HttpRequestMessage request, HttpCompletionOption completionOption, CancellationTokenSource cts, Boolean disposeCts, CancellationTokenSource pendingRequestsCts, CancellationToken originalCancellationToken)
   at Hl7.Fhir.Rest.HttpClientRequester.ExecuteAsync(HttpRequestMessage message, CancellationToken ct)
   at Hl7.Fhir.Rest.BaseFhirClient.executeAsync[TResource](Bundle tx, IEnumerable`1 expect, Nullable`1 ct)
   at TelehealthApi.Core.Services.FhirService.CreatePatientAsync(Patient patient) in C:\Users\Farai C Kepekepe\source\repos\TelehealthApi\TelehealthApi.Core\Services\FhirService.cs:line 47
   at TelehealthApi.Api.Controllers.PatientsController.CreatePatient(PatientInput input) in C:\Users\Farai C Kepekepe\source\repos\TelehealthApi\TelehealthApi.Api\Controllers\PatientsController.cs:line 127
[14:36:20 INF] Executed DbCommand (509ms) [Parameters=[@p0='?' (DbType = Guid), @p1='?' (Size = 4000), @p2='?' (Size = 4000), @p3='?' (Size = 4000), @p4='?' (Size = 4000), @p5='?' (DbType = DateTime2), @p6='?' (Size = 450)], CommandType='"Text"', CommandTimeout='30']
SET IMPLICIT_TRANSACTIONS OFF;
SET NOCOUNT ON;
INSERT INTO [telehealthkeps].[AuditLogs] ([Id], [Action], [Details], [ResourceId], [ResourceType], [Timestamp], [UserId])
VALUES (@p0, @p1, @p2, @p3, @p4, @p5, @p6);
[14:36:20 INF] Executing ObjectResult, writing value of type 'System.String'.
[14:36:20 INF] Executed action TelehealthApi.Api.Controllers.PatientsController.CreatePatient (TelehealthApi.Api) in 3116.3443ms
[14:36:20 INF] Executed endpoint 'TelehealthApi.Api.Controllers.PatientsController.CreatePatient (TelehealthApi.Api)'
[14:36:20 INF] Request finished HTTP/1.1 POST https://localhost:7164/api/Patients - 500 null text/plain; charset=utf-8 3254.1386ms
[16:21:04 INF] Request starting HTTP/1.1 POST https://localhost:7164/api/Patients - application/json 119
[16:21:04 INF] Executing endpoint 'TelehealthApi.Api.Controllers.PatientsController.CreatePatient (TelehealthApi.Api)'
[16:21:04 INF] Route matched with {action = "CreatePatient", controller = "Patients"}. Executing controller action with signature System.Threading.Tasks.Task`1[Microsoft.AspNetCore.Mvc.IActionResult] CreatePatient(PatientInput) on controller TelehealthApi.Api.Controllers.PatientsController (TelehealthApi.Api).
[16:21:04 INF] Attempting to create patient for email pashu@loyal1.com by user kimberly@saynts.com from IP ::1
[16:21:04 ERR] An unexpected error occurred during patient creation for email pashu@loyal1.com by user kimberly@saynts.com from IP ::1
System.Net.Http.HttpRequestException: An error occurred while sending the request.
 ---> System.Net.Http.HttpIOException: The response ended prematurely. (ResponseEnded)
   at System.Net.Http.HttpConnection.SendAsync(HttpRequestMessage request, Boolean async, CancellationToken cancellationToken)
   --- End of inner exception stack trace ---
   at System.Net.Http.HttpConnection.SendAsync(HttpRequestMessage request, Boolean async, CancellationToken cancellationToken)
   at System.Net.Http.HttpConnectionPool.SendWithVersionDetectionAndRetryAsync(HttpRequestMessage request, Boolean async, Boolean doRequestAuth, CancellationToken cancellationToken)
   at System.Net.Http.DiagnosticsHandler.SendAsyncCore(HttpRequestMessage request, Boolean async, CancellationToken cancellationToken)
   at System.Net.Http.RedirectHandler.SendAsync(HttpRequestMessage request, Boolean async, CancellationToken cancellationToken)
   at System.Net.Http.DecompressionHandler.SendAsync(HttpRequestMessage request, Boolean async, CancellationToken cancellationToken)
   at System.Net.Http.HttpClient.<SendAsync>g__Core|83_0(HttpRequestMessage request, HttpCompletionOption completionOption, CancellationTokenSource cts, Boolean disposeCts, CancellationTokenSource pendingRequestsCts, CancellationToken originalCancellationToken)
   at Hl7.Fhir.Rest.HttpClientRequester.ExecuteAsync(HttpRequestMessage message, CancellationToken ct)
   at Hl7.Fhir.Rest.BaseFhirClient.executeAsync[TResource](Bundle tx, IEnumerable`1 expect, Nullable`1 ct)
   at TelehealthApi.Core.Services.FhirService.CreatePatientAsync(Patient patient) in C:\Users\Farai C Kepekepe\source\repos\TelehealthApi\TelehealthApi.Core\Services\FhirService.cs:line 47
   at TelehealthApi.Api.Controllers.PatientsController.CreatePatient(PatientInput input) in C:\Users\Farai C Kepekepe\source\repos\TelehealthApi\TelehealthApi.Api\Controllers\PatientsController.cs:line 127
[16:21:07 INF] Executed DbCommand (434ms) [Parameters=[@p0='?' (DbType = Guid), @p1='?' (Size = 4000), @p2='?' (Size = 4000), @p3='?' (Size = 4000), @p4='?' (Size = 4000), @p5='?' (DbType = DateTime2), @p6='?' (Size = 450)], CommandType='"Text"', CommandTimeout='30']
SET IMPLICIT_TRANSACTIONS OFF;
SET NOCOUNT ON;
INSERT INTO [telehealthkeps].[AuditLogs] ([Id], [Action], [Details], [ResourceId], [ResourceType], [Timestamp], [UserId])
VALUES (@p0, @p1, @p2, @p3, @p4, @p5, @p6);
[16:21:07 INF] Executing ObjectResult, writing value of type 'System.String'.
[16:21:07 INF] Executed action TelehealthApi.Api.Controllers.PatientsController.CreatePatient (TelehealthApi.Api) in 3525.3164ms
[16:21:07 INF] Executed endpoint 'TelehealthApi.Api.Controllers.PatientsController.CreatePatient (TelehealthApi.Api)'
[16:21:07 INF] Request finished HTTP/1.1 POST https://localhost:7164/api/Patients - 500 null text/plain; charset=utf-8 3699.7371ms
