[16:01:26 DBG] Registered model binder providers, in the following order: ["Microsoft.AspNetCore.Mvc.ModelBinding.Binders.BinderTypeModelBinderProvider","Microsoft.AspNetCore.Mvc.ModelBinding.Binders.ServicesModelBinderProvider","Microsoft.AspNetCore.Mvc.ModelBinding.Binders.BodyModelBinderProvider","Microsoft.AspNetCore.Mvc.ModelBinding.Binders.HeaderModelBinderProvider","Microsoft.AspNetCore.Mvc.ModelBinding.Binders.FloatingPointTypeModelBinderProvider","Microsoft.AspNetCore.Mvc.ModelBinding.Binders.EnumTypeModelBinderProvider","Microsoft.AspNetCore.Mvc.ModelBinding.Binders.DateTimeModelBinderProvider","Microsoft.AspNetCore.Mvc.ModelBinding.Binders.SimpleTypeModelBinderProvider","Microsoft.AspNetCore.Mvc.ModelBinding.Binders.TryParseModelBinderProvider","Microsoft.AspNetCore.Mvc.ModelBinding.Binders.CancellationTokenModelBinderProvider","Microsoft.AspNetCore.Mvc.ModelBinding.Binders.ByteArrayModelBinderProvider","Microsoft.AspNetCore.Mvc.ModelBinding.Binders.FormFileModelBinderProvider","Microsoft.AspNetCore.Mvc.ModelBinding.Binders.FormCollectionModelBinderProvider","Microsoft.AspNetCore.Mvc.ModelBinding.Binders.KeyValuePairModelBinderProvider","Microsoft.AspNetCore.Mvc.ModelBinding.Binders.DictionaryModelBinderProvider","Microsoft.AspNetCore.Mvc.ModelBinding.Binders.ArrayModelBinderProvider","Microsoft.AspNetCore.Mvc.ModelBinding.Binders.CollectionModelBinderProvider","Microsoft.AspNetCore.Mvc.ModelBinding.Binders.ComplexObjectModelBinderProvider"]
[16:01:27 DBG] Hosting starting
[16:01:27 INF] User profile is available. Using 'C:\Users\Farai C Kepekepe\AppData\Local\ASP.NET\DataProtection-Keys' as key repository and Windows DPAPI to encrypt keys at rest.
[16:01:27 DBG] Reading data from file 'C:\Users\Farai C Kepekepe\AppData\Local\ASP.NET\DataProtection-Keys\key-1905e520-786d-410b-adc2-45857184ad19.xml'.
[16:01:27 DBG] Reading data from file 'C:\Users\Farai C Kepekepe\AppData\Local\ASP.NET\DataProtection-Keys\key-41d331a8-1af0-45c5-b91b-f4a8ba2461b7.xml'.
[16:01:27 DBG] Found key {1905e520-786d-410b-adc2-45857184ad19}.
[16:01:27 DBG] Found key {41d331a8-1af0-45c5-b91b-f4a8ba2461b7}.
[16:01:27 DBG] Considering key {41d331a8-1af0-45c5-b91b-f4a8ba2461b7} with expiration date 2025-08-20 07:16:44Z as default key.
[16:01:27 DBG] Forwarded activator type request from Microsoft.AspNetCore.DataProtection.XmlEncryption.DpapiXmlDecryptor, Microsoft.AspNetCore.DataProtection, Version=9.0.0.0, Culture=neutral, PublicKeyToken=adb9793829ddae60 to Microsoft.AspNetCore.DataProtection.XmlEncryption.DpapiXmlDecryptor, Microsoft.AspNetCore.DataProtection, Culture=neutral, PublicKeyToken=adb9793829ddae60
[16:01:27 DBG] Decrypting secret element using Windows DPAPI.
[16:01:27 DBG] Forwarded activator type request from Microsoft.AspNetCore.DataProtection.AuthenticatedEncryption.ConfigurationModel.AuthenticatedEncryptorDescriptorDeserializer, Microsoft.AspNetCore.DataProtection, Version=9.0.0.0, Culture=neutral, PublicKeyToken=adb9793829ddae60 to Microsoft.AspNetCore.DataProtection.AuthenticatedEncryption.ConfigurationModel.AuthenticatedEncryptorDescriptorDeserializer, Microsoft.AspNetCore.DataProtection, Culture=neutral, PublicKeyToken=adb9793829ddae60
[16:01:27 DBG] Opening CNG algorithm 'AES' from provider 'null' with chaining mode CBC.
[16:01:27 DBG] Opening CNG algorithm 'SHA256' from provider 'null' with HMAC.
[16:01:27 DBG] Using key {41d331a8-1af0-45c5-b91b-f4a8ba2461b7} as the default key.
[16:01:27 DBG] Key ring with default key {41d331a8-1af0-45c5-b91b-f4a8ba2461b7} was loaded during application startup.
[16:01:27 DBG] Connection id "0HNDU4VNF8MTT" received FIN.
[16:01:27 INF] Now listening on: https://localhost:7164
[16:01:27 DBG] Connection id "0HNDU4VNF8MTT" accepted.
[16:01:27 INF] Now listening on: http://localhost:5141
[16:01:27 DBG] Connection id "0HNDU4VNF8MTT" started.
[16:01:27 DBG] Loaded hosting startup assembly TelehealthApi.Api
[16:01:27 DBG] Loaded hosting startup assembly Microsoft.WebTools.ApiEndpointDiscovery
[16:01:27 DBG] Loaded hosting startup assembly Microsoft.AspNetCore.Watch.BrowserRefresh
[16:01:27 DBG] Loaded hosting startup assembly Microsoft.WebTools.BrowserLink.Net
[16:01:27 DBG] Failed to authenticate HTTPS connection.
System.IO.IOException: Received an unexpected EOF or 0 bytes from the transport stream.
   at System.Net.Security.SslStream.ReceiveHandshakeFrameAsync[TIOAdapter](CancellationToken cancellationToken)
   at System.Net.Security.SslStream.ForceAuthenticationAsync[TIOAdapter](Boolean receiveFirst, Byte[] reAuthenticationData, CancellationToken cancellationToken)
   at System.Net.Security.SslStream.ProcessAuthenticationWithTelemetryAsync(Boolean isAsync, CancellationToken cancellationToken)
   at Microsoft.AspNetCore.Server.Kestrel.Https.Internal.HttpsConnectionMiddleware.OnConnectionAsync(ConnectionContext context)
[16:01:27 DBG] Connection id "0HNDU4VNF8MTT" stopped.
[16:01:28 DBG] Connection id "0HNDU4VNF8MTT" sending FIN because: "The Socket transport's send loop completed gracefully."
[16:01:28 INF] Application started. Press Ctrl+C to shut down.
[16:01:28 INF] Hosting environment: Development
[16:01:28 INF] Content root path: C:\Users\Farai C Kepekepe\source\repos\TelehealthApi\TelehealthApi.Api
[16:01:28 DBG] Hosting started
[16:01:29 DBG] Connection id "0HNDU4VNF8MTU" accepted.
[16:01:29 DBG] Connection id "0HNDU4VNF8MTU" started.
[16:01:29 DBG] Connection 0HNDU4VNF8MTU established using the following protocol: "Tls13"
[16:01:30 INF] Request starting HTTP/2 GET https://localhost:7164/swagger/index.html - null null
[16:01:30 DBG] Wildcard detected, all requests with hosts will be allowed.
[16:01:30 DBG] No candidates found for the request path '/swagger/index.html'
[16:01:30 DBG] Request did not match any endpoints
[16:01:30 DBG] Response markup is scheduled to include Browser Link script injection.
[16:01:30 DBG] Response markup is scheduled to include browser refresh script injection.
[16:01:31 DBG] Response markup was updated to include Browser Link script injection.
[16:01:31 DBG] Response markup was updated to include browser refresh script injection.
[16:01:31 INF] Request finished HTTP/2 GET https://localhost:7164/swagger/index.html - 200 null text/html;charset=utf-8 974.9028ms
[16:01:31 INF] Request starting HTTP/2 GET https://localhost:7164/_vs/browserLink - null null
[16:01:31 INF] Request starting HTTP/2 GET https://localhost:7164/_framework/aspnetcore-browser-refresh.js - null null
[16:01:32 INF] Request finished HTTP/2 GET https://localhost:7164/_framework/aspnetcore-browser-refresh.js - 200 13770 application/javascript; charset=utf-8 531.823ms
[16:01:32 INF] Request finished HTTP/2 GET https://localhost:7164/_vs/browserLink - 200 null text/javascript; charset=UTF-8 637.5447ms
[16:01:32 INF] Request starting HTTP/2 GET https://localhost:7164/swagger/v1/swagger.json - null null
[16:01:33 DBG] No candidates found for the request path '/swagger/v1/swagger.json'
[16:01:33 DBG] Request did not match any endpoints
[16:01:33 INF] Request finished HTTP/2 GET https://localhost:7164/swagger/v1/swagger.json - 200 null application/json;charset=utf-8 582.8359ms
[16:01:49 DBG] Connection id "0HNDU4VNF8MTV" accepted.
[16:01:49 DBG] Connection id "0HNDU4VNF8MTV" received FIN.
[16:01:49 DBG] Connection id "0HNDU4VNF8MTV" started.
[16:01:49 DBG] Connection id "0HNDU4VNF8MU0" accepted.
[16:01:49 DBG] Failed to authenticate HTTPS connection.
System.IO.IOException: Received an unexpected EOF or 0 bytes from the transport stream.
   at System.Net.Security.SslStream.ReceiveHandshakeFrameAsync[TIOAdapter](CancellationToken cancellationToken)
   at System.Net.Security.SslStream.ForceAuthenticationAsync[TIOAdapter](Boolean receiveFirst, Byte[] reAuthenticationData, CancellationToken cancellationToken)
   at System.Net.Security.SslStream.ProcessAuthenticationWithTelemetryAsync(Boolean isAsync, CancellationToken cancellationToken)
   at Microsoft.AspNetCore.Server.Kestrel.Https.Internal.HttpsConnectionMiddleware.OnConnectionAsync(ConnectionContext context)
[16:01:49 DBG] Connection id "0HNDU4VNF8MU0" started.
[16:01:49 DBG] Connection id "0HNDU4VNF8MTV" stopped.
[16:01:49 DBG] Connection id "0HNDU4VNF8MTV" sending FIN because: "The Socket transport's send loop completed gracefully."
[16:01:49 DBG] Connection 0HNDU4VNF8MU0 established using the following protocol: "Tls13"
[16:01:50 INF] Request starting HTTP/1.1 GET https://localhost:7164/api/Patients/48108639 - null null
[16:01:50 DBG] 1 candidate(s) found for the request path '/api/Patients/48108639'
[16:01:50 DBG] Endpoint 'TelehealthApi.Api.Controllers.PatientsController.GetPatient (TelehealthApi.Api)' with route pattern 'api/Patients/{id}' is valid for the request path '/api/Patients/48108639'
[16:01:50 DBG] Request matched endpoint 'TelehealthApi.Api.Controllers.PatientsController.GetPatient (TelehealthApi.Api)'
[16:01:50 DBG] Static files was skipped as the request already matched an endpoint.
[16:01:50 INF] Failed to validate the token.
Microsoft.IdentityModel.Tokens.SecurityTokenExpiredException: IDX10223: Lifetime validation failed. The token is expired. ValidTo (UTC): '7/7/2025 14:09:10', Current time (UTC): '8/7/2025 14:01:50'.
   at Microsoft.IdentityModel.Tokens.Validators.ValidateLifetime(Nullable`1 notBefore, Nullable`1 expires, SecurityToken securityToken, TokenValidationParameters validationParameters)
   at Microsoft.IdentityModel.JsonWebTokens.JsonWebTokenHandler.ValidateTokenPayloadAsync(JsonWebToken jsonWebToken, TokenValidationParameters validationParameters, BaseConfiguration configuration)
   at Microsoft.IdentityModel.JsonWebTokens.JsonWebTokenHandler.ValidateJWSAsync(JsonWebToken jsonWebToken, TokenValidationParameters validationParameters, BaseConfiguration configuration)
[16:01:50 INF] Bearer was not authenticated. Failure message: IDX10223: Lifetime validation failed. The token is expired. ValidTo (UTC): '7/7/2025 14:09:10', Current time (UTC): '8/7/2025 14:01:50'.
[16:01:50 DBG] Policy authentication schemes  did not succeed
[16:01:50 INF] Authorization failed. These requirements were not met:
DenyAnonymousAuthorizationRequirement: Requires an authenticated user.
[16:01:50 INF] AuthenticationScheme: Bearer was challenged.
[16:01:50 DBG] Connection id "0HNDU4VNF8MU0" completed keep alive response.
[16:01:50 INF] Request finished HTTP/1.1 GET https://localhost:7164/api/Patients/48108639 - 401 0 null 883.4105ms
[16:02:46 INF] Request starting HTTP/1.1 POST https://localhost:7164/api/Account/login - application/json 75
[16:02:46 DBG] 1 candidate(s) found for the request path '/api/Account/login'
[16:02:46 DBG] Endpoint 'TelehealthApi.Api.Controllers.AccountController.Login (TelehealthApi.Api)' with route pattern 'api/Account/login' is valid for the request path '/api/Account/login'
[16:02:46 DBG] Request matched endpoint 'TelehealthApi.Api.Controllers.AccountController.Login (TelehealthApi.Api)'
[16:02:46 DBG] Static files was skipped as the request already matched an endpoint.
[16:02:46 DBG] AuthenticationScheme: Bearer was not authenticated.
[16:02:46 INF] Executing endpoint 'TelehealthApi.Api.Controllers.AccountController.Login (TelehealthApi.Api)'
[16:02:47 INF] Route matched with {action = "Login", controller = "Account"}. Executing controller action with signature System.Threading.Tasks.Task`1[Microsoft.AspNetCore.Mvc.IActionResult] Login(TelehealthApi.Api.Controllers.LoginModel) on controller TelehealthApi.Api.Controllers.AccountController (TelehealthApi.Api).
[16:02:47 DBG] Execution plan of authorization filters (in the following order): ["None"]
[16:02:47 DBG] Execution plan of resource filters (in the following order): ["None"]
[16:02:47 DBG] Execution plan of action filters (in the following order): ["Microsoft.AspNetCore.Mvc.ModelBinding.UnsupportedContentTypeFilter (Order: -3000)","Microsoft.AspNetCore.Mvc.Infrastructure.ModelStateInvalidFilter (Order: -2000)"]
[16:02:47 DBG] Execution plan of exception filters (in the following order): ["None"]
[16:02:47 DBG] Execution plan of result filters (in the following order): ["Microsoft.AspNetCore.Mvc.Infrastructure.ClientErrorResultFilter (Order: -2000)"]
[16:02:47 DBG] Executing controller factory for controller TelehealthApi.Api.Controllers.AccountController (TelehealthApi.Api)
[16:02:47 DBG] An 'IServiceProvider' was created for internal use by Entity Framework.
[16:02:48 DBG] Executed controller factory for controller TelehealthApi.Api.Controllers.AccountController (TelehealthApi.Api)
[16:02:48 DBG] Attempting to bind parameter 'model' of type 'TelehealthApi.Api.Controllers.LoginModel' ...
[16:02:48 DBG] Attempting to bind parameter 'model' of type 'TelehealthApi.Api.Controllers.LoginModel' using the name '' in request data ...
[16:02:48 DBG] Selected input formatter 'Microsoft.AspNetCore.Mvc.Formatters.SystemTextJsonInputFormatter' for content type 'application/json'.
[16:02:48 DBG] Connection id "0HNDU4VNF8MU0", Request id "0HNDU4VNF8MU0:00000002": started reading request body.
[16:02:48 DBG] Connection id "0HNDU4VNF8MU0", Request id "0HNDU4VNF8MU0:00000002": done reading request body.
[16:02:48 DBG] JSON input formatter succeeded, deserializing to type 'TelehealthApi.Api.Controllers.LoginModel'
[16:02:48 DBG] Done attempting to bind parameter 'model' of type 'TelehealthApi.Api.Controllers.LoginModel'.
[16:02:48 DBG] Done attempting to bind parameter 'model' of type 'TelehealthApi.Api.Controllers.LoginModel'.
[16:02:48 DBG] Attempting to validate the bound parameter 'model' of type 'TelehealthApi.Api.Controllers.LoginModel' ...
[16:02:48 DBG] Done attempting to validate the bound parameter 'model' of type 'TelehealthApi.Api.Controllers.LoginModel'.
[16:02:48 INF] Attempting to log in user with email: iwewe@mhatayako.com
[16:02:50 DBG] The index {'UserId'} was not created on entity type 'IdentityUserRole<string>' as the properties are already covered by the index {'UserId', 'RoleId'}.
[16:02:50 DBG] The index {'UserId'} was not created on entity type 'IdentityUserToken<string>' as the properties are already covered by the index {'UserId', 'LoginProvider', 'Name'}.
[16:02:52 DBG] Entity Framework Core 8.0.16 initialized 'TelehealthDbContext' using provider 'Microsoft.EntityFrameworkCore.SqlServer:8.0.16' with options: None
[16:02:53 DBG] Compiling query expression: 
'DbSet<IdentityUser>()
    .SingleOrDefault(u => u.NormalizedEmail == __normalizedEmail_0)'
[16:02:54 DBG] Generated query execution expression: 
'queryContext => ShapedQueryCompilingExpressionVisitor.SingleOrDefaultAsync<IdentityUser>(
    asyncEnumerable: new SingleQueryingEnumerable<IdentityUser>(
        (RelationalQueryContext)queryContext, 
        RelationalCommandCache.QueryExpression(
            Projection Mapping:
                EmptyProjectionMember -> Dictionary<IProperty, int> { [Property: IdentityUser.Id (string) Required PK AfterSave:Throw, 0], [Property: IdentityUser.AccessFailedCount (int) Required, 1], [Property: IdentityUser.ConcurrencyStamp (string) Concurrency, 2], [Property: IdentityUser.Email (string) MaxLength(256), 3], [Property: IdentityUser.EmailConfirmed (bool) Required, 4], [Property: IdentityUser.LockoutEnabled (bool) Required, 5], [Property: IdentityUser.LockoutEnd (DateTimeOffset?), 6], [Property: IdentityUser.NormalizedEmail (string) Index MaxLength(256), 7], [Property: IdentityUser.NormalizedUserName (string) Index MaxLength(256), 8], [Property: IdentityUser.PasswordHash (string), 9], [Property: IdentityUser.PhoneNumber (string), 10], [Property: IdentityUser.PhoneNumberConfirmed (bool) Required, 11], [Property: IdentityUser.SecurityStamp (string), 12], [Property: IdentityUser.TwoFactorEnabled (bool) Required, 13], [Property: IdentityUser.UserName (string) MaxLength(256), 14] }
            SELECT TOP(2) a.Id, a.AccessFailedCount, a.ConcurrencyStamp, a.Email, a.EmailConfirmed, a.LockoutEnabled, a.LockoutEnd, a.NormalizedEmail, a.NormalizedUserName, a.PasswordHash, a.PhoneNumber, a.PhoneNumberConfirmed, a.SecurityStamp, a.TwoFactorEnabled, a.UserName
            FROM AspNetUsers AS a
            WHERE a.NormalizedEmail == @__normalizedEmail_0), 
        null, 
        Func<QueryContext, DbDataReader, ResultContext, SingleQueryResultCoordinator, IdentityUser>, 
        TelehealthApi.Core.TelehealthDbContext, 
        False, 
        False, 
        True
    ), 
    cancellationToken: queryContext.CancellationToken)'
[16:02:54 DBG] Creating DbConnection.
[16:02:55 DBG] Created DbConnection. (134ms).
[16:02:55 DBG] Opening connection to database 'TelehealthDb' on server 'plesk8200.is.cc'.
[16:02:58 DBG] Opened connection to database 'TelehealthDb' on server 'plesk8200.is.cc'.
[16:02:58 DBG] Creating DbCommand for 'ExecuteReader'.
[16:02:58 DBG] Created DbCommand for 'ExecuteReader' (17ms).
[16:02:58 DBG] Initialized DbCommand for 'ExecuteReader' (69ms).
[16:02:58 DBG] Executing DbCommand [Parameters=[@__normalizedEmail_0='?' (Size = 256)], CommandType='"Text"', CommandTimeout='30']
SELECT TOP(2) [a].[Id], [a].[AccessFailedCount], [a].[ConcurrencyStamp], [a].[Email], [a].[EmailConfirmed], [a].[LockoutEnabled], [a].[LockoutEnd], [a].[NormalizedEmail], [a].[NormalizedUserName], [a].[PasswordHash], [a].[PhoneNumber], [a].[PhoneNumberConfirmed], [a].[SecurityStamp], [a].[TwoFactorEnabled], [a].[UserName]
FROM [AspNetUsers] AS [a]
WHERE [a].[NormalizedEmail] = @__normalizedEmail_0
[16:02:59 INF] Executed DbCommand (699ms) [Parameters=[@__normalizedEmail_0='?' (Size = 256)], CommandType='"Text"', CommandTimeout='30']
SELECT TOP(2) [a].[Id], [a].[AccessFailedCount], [a].[ConcurrencyStamp], [a].[Email], [a].[EmailConfirmed], [a].[LockoutEnabled], [a].[LockoutEnd], [a].[NormalizedEmail], [a].[NormalizedUserName], [a].[PasswordHash], [a].[PhoneNumber], [a].[PhoneNumberConfirmed], [a].[SecurityStamp], [a].[TwoFactorEnabled], [a].[UserName]
FROM [AspNetUsers] AS [a]
WHERE [a].[NormalizedEmail] = @__normalizedEmail_0
[16:02:59 DBG] Closing data reader to 'TelehealthDb' on server 'plesk8200.is.cc'.
[16:02:59 DBG] A data reader for 'TelehealthDb' on server 'plesk8200.is.cc' is being disposed after spending 99ms reading results.
[16:02:59 DBG] Closing connection to database 'TelehealthDb' on server 'plesk8200.is.cc'.
[16:02:59 DBG] Closed connection to database 'TelehealthDb' on server 'plesk8200.is.cc' (26ms).
[16:02:59 WRN] Login failed: User with email iwewe@mhatayako.com not found.
[16:02:59 DBG] List of registered output formatters, in the following order: ["Microsoft.AspNetCore.Mvc.Formatters.HttpNoContentOutputFormatter","Microsoft.AspNetCore.Mvc.Formatters.StringOutputFormatter","Microsoft.AspNetCore.Mvc.Formatters.StreamOutputFormatter","Microsoft.AspNetCore.Mvc.Formatters.SystemTextJsonOutputFormatter"]
[16:02:59 DBG] No information found on request to perform content negotiation.
[16:02:59 DBG] Attempting to select an output formatter without using a content type as no explicit content types were specified for the response.
[16:02:59 DBG] Attempting to select the first formatter in the output formatters list which can write the result.
[16:02:59 DBG] Selected output formatter 'Microsoft.AspNetCore.Mvc.Formatters.StringOutputFormatter' and content type 'text/plain' to write the response.
[16:02:59 INF] Executing UnauthorizedObjectResult, writing value of type 'System.String'.
[16:02:59 INF] Executed action TelehealthApi.Api.Controllers.AccountController.Login (TelehealthApi.Api) in 12394.7291ms
[16:02:59 INF] Executed endpoint 'TelehealthApi.Api.Controllers.AccountController.Login (TelehealthApi.Api)'
[16:02:59 DBG] Connection id "0HNDU4VNF8MU0" completed keep alive response.
[16:02:59 DBG] 'TelehealthDbContext' disposed.
[16:02:59 DBG] Disposing connection to database 'TelehealthDb' on server 'plesk8200.is.cc'.
[16:02:59 DBG] Disposed connection to database '' on server '' (13ms).
[16:02:59 INF] Request finished HTTP/1.1 POST https://localhost:7164/api/Account/login - 401 null text/plain; charset=utf-8 12799.8413ms
[16:14:12 DBG] Connection id "0HNDU4VNF8MTU" received FIN.
[16:14:13 DBG] Connection id "0HNDU4VNF8MTU" is closed. The last processed stream ID was 7.
[16:14:13 DBG] The connection queue processing loop for 0HNDU4VNF8MTU completed.
[16:14:14 DBG] Connection id "0HNDU4VNF8MTU" sending FIN because: "The Socket transport's send loop completed gracefully."
[16:14:14 DBG] Connection id "0HNDU4VNF8MTU" stopped.
[18:07:12 DBG] Connection id "0HNDU4VNF8MU1" received FIN.
[18:07:12 DBG] Connection id "0HNDU4VNF8MU1" accepted.
[18:07:12 DBG] Connection id "0HNDU4VNF8MU1" started.
[18:07:12 DBG] Connection id "0HNDU4VNF8MU2" accepted.
[18:07:12 DBG] Failed to authenticate HTTPS connection.
System.IO.IOException: Received an unexpected EOF or 0 bytes from the transport stream.
   at System.Net.Security.SslStream.ReceiveHandshakeFrameAsync[TIOAdapter](CancellationToken cancellationToken)
   at System.Net.Security.SslStream.ForceAuthenticationAsync[TIOAdapter](Boolean receiveFirst, Byte[] reAuthenticationData, CancellationToken cancellationToken)
   at System.Net.Security.SslStream.ProcessAuthenticationWithTelemetryAsync(Boolean isAsync, CancellationToken cancellationToken)
   at Microsoft.AspNetCore.Server.Kestrel.Https.Internal.HttpsConnectionMiddleware.OnConnectionAsync(ConnectionContext context)
[18:07:12 DBG] Connection id "0HNDU4VNF8MU2" started.
[18:07:12 DBG] Connection id "0HNDU4VNF8MU1" stopped.
[18:07:12 DBG] Connection id "0HNDU4VNF8MU1" sending FIN because: "The Socket transport's send loop completed gracefully."
[18:07:12 DBG] Connection 0HNDU4VNF8MU2 established using the following protocol: "Tls13"
[18:07:12 INF] Request starting HTTP/1.1 POST https://localhost:7164/api/Account/login - application/json 74
[18:07:12 DBG] 1 candidate(s) found for the request path '/api/Account/login'
[18:07:12 DBG] Endpoint 'TelehealthApi.Api.Controllers.AccountController.Login (TelehealthApi.Api)' with route pattern 'api/Account/login' is valid for the request path '/api/Account/login'
[18:07:12 DBG] Request matched endpoint 'TelehealthApi.Api.Controllers.AccountController.Login (TelehealthApi.Api)'
[18:07:12 DBG] Static files was skipped as the request already matched an endpoint.
[18:07:12 DBG] AuthenticationScheme: Bearer was not authenticated.
[18:07:12 INF] Executing endpoint 'TelehealthApi.Api.Controllers.AccountController.Login (TelehealthApi.Api)'
[18:07:12 INF] Route matched with {action = "Login", controller = "Account"}. Executing controller action with signature System.Threading.Tasks.Task`1[Microsoft.AspNetCore.Mvc.IActionResult] Login(TelehealthApi.Api.Controllers.LoginModel) on controller TelehealthApi.Api.Controllers.AccountController (TelehealthApi.Api).
[18:07:12 DBG] Execution plan of authorization filters (in the following order): ["None"]
[18:07:12 DBG] Execution plan of resource filters (in the following order): ["None"]
[18:07:12 DBG] Execution plan of action filters (in the following order): ["Microsoft.AspNetCore.Mvc.ModelBinding.UnsupportedContentTypeFilter (Order: -3000)","Microsoft.AspNetCore.Mvc.Infrastructure.ModelStateInvalidFilter (Order: -2000)"]
[18:07:12 DBG] Execution plan of exception filters (in the following order): ["None"]
[18:07:12 DBG] Execution plan of result filters (in the following order): ["Microsoft.AspNetCore.Mvc.Infrastructure.ClientErrorResultFilter (Order: -2000)"]
[18:07:12 DBG] Executing controller factory for controller TelehealthApi.Api.Controllers.AccountController (TelehealthApi.Api)
[18:07:12 DBG] Executed controller factory for controller TelehealthApi.Api.Controllers.AccountController (TelehealthApi.Api)
[18:07:12 DBG] Attempting to bind parameter 'model' of type 'TelehealthApi.Api.Controllers.LoginModel' ...
[18:07:12 DBG] Attempting to bind parameter 'model' of type 'TelehealthApi.Api.Controllers.LoginModel' using the name '' in request data ...
[18:07:12 DBG] Selected input formatter 'Microsoft.AspNetCore.Mvc.Formatters.SystemTextJsonInputFormatter' for content type 'application/json'.
[18:07:12 DBG] Connection id "0HNDU4VNF8MU2", Request id "0HNDU4VNF8MU2:00000001": started reading request body.
[18:07:12 DBG] Connection id "0HNDU4VNF8MU2", Request id "0HNDU4VNF8MU2:00000001": done reading request body.
[18:07:12 DBG] JSON input formatter succeeded, deserializing to type 'TelehealthApi.Api.Controllers.LoginModel'
[18:07:12 DBG] Done attempting to bind parameter 'model' of type 'TelehealthApi.Api.Controllers.LoginModel'.
[18:07:12 DBG] Done attempting to bind parameter 'model' of type 'TelehealthApi.Api.Controllers.LoginModel'.
[18:07:12 DBG] Attempting to validate the bound parameter 'model' of type 'TelehealthApi.Api.Controllers.LoginModel' ...
[18:07:12 DBG] Done attempting to validate the bound parameter 'model' of type 'TelehealthApi.Api.Controllers.LoginModel'.
[18:07:12 INF] Attempting to log in user with email: kamuzonde@bugsbunny.com
[18:07:12 DBG] Entity Framework Core 8.0.16 initialized 'TelehealthDbContext' using provider 'Microsoft.EntityFrameworkCore.SqlServer:8.0.16' with options: None
[18:07:12 DBG] Creating DbConnection.
[18:07:12 DBG] Created DbConnection. (5ms).
[18:07:12 DBG] Opening connection to database 'TelehealthDb' on server 'plesk8200.is.cc'.
[18:07:14 DBG] Opened connection to database 'TelehealthDb' on server 'plesk8200.is.cc'.
[18:07:14 DBG] Creating DbCommand for 'ExecuteReader'.
[18:07:14 DBG] Created DbCommand for 'ExecuteReader' (14ms).
[18:07:14 DBG] Initialized DbCommand for 'ExecuteReader' (29ms).
[18:07:14 DBG] Executing DbCommand [Parameters=[@__normalizedEmail_0='?' (Size = 256)], CommandType='"Text"', CommandTimeout='30']
SELECT TOP(2) [a].[Id], [a].[AccessFailedCount], [a].[ConcurrencyStamp], [a].[Email], [a].[EmailConfirmed], [a].[LockoutEnabled], [a].[LockoutEnd], [a].[NormalizedEmail], [a].[NormalizedUserName], [a].[PasswordHash], [a].[PhoneNumber], [a].[PhoneNumberConfirmed], [a].[SecurityStamp], [a].[TwoFactorEnabled], [a].[UserName]
FROM [AspNetUsers] AS [a]
WHERE [a].[NormalizedEmail] = @__normalizedEmail_0
[18:07:15 INF] Executed DbCommand (366ms) [Parameters=[@__normalizedEmail_0='?' (Size = 256)], CommandType='"Text"', CommandTimeout='30']
SELECT TOP(2) [a].[Id], [a].[AccessFailedCount], [a].[ConcurrencyStamp], [a].[Email], [a].[EmailConfirmed], [a].[LockoutEnabled], [a].[LockoutEnd], [a].[NormalizedEmail], [a].[NormalizedUserName], [a].[PasswordHash], [a].[PhoneNumber], [a].[PhoneNumberConfirmed], [a].[SecurityStamp], [a].[TwoFactorEnabled], [a].[UserName]
FROM [AspNetUsers] AS [a]
WHERE [a].[NormalizedEmail] = @__normalizedEmail_0
[18:07:15 DBG] Context 'TelehealthDbContext' started tracking 'IdentityUser' entity. Consider using 'DbContextOptionsBuilder.EnableSensitiveDataLogging' to see key values.
[18:07:15 DBG] Closing data reader to 'TelehealthDb' on server 'plesk8200.is.cc'.
[18:07:15 DBG] A data reader for 'TelehealthDb' on server 'plesk8200.is.cc' is being disposed after spending 463ms reading results.
[18:07:15 DBG] Closing connection to database 'TelehealthDb' on server 'plesk8200.is.cc'.
[18:07:15 DBG] Closed connection to database 'TelehealthDb' on server 'plesk8200.is.cc' (3ms).
[18:07:16 DBG] Compiling query expression: 
'DbSet<IdentityUserRole<string>>()
    .Join(
        inner: DbSet<IdentityRole>(), 
        outerKeySelector: userRole => userRole.RoleId, 
        innerKeySelector: role => role.Id, 
        resultSelector: (userRole, role) => new { 
            userRole = userRole, 
            role = role
         })
    .Where(<>h__TransparentIdentifier0 => <>h__TransparentIdentifier0.userRole.UserId.Equals(__userId_0))
    .Select(<>h__TransparentIdentifier0 => <>h__TransparentIdentifier0.role.Name)'
[18:07:16 DBG] Generated query execution expression: 
'queryContext => new SingleQueryingEnumerable<string>(
    (RelationalQueryContext)queryContext, 
    RelationalCommandCache.QueryExpression(
        Projection Mapping:
            EmptyProjectionMember -> 0
        SELECT a0.Name
        FROM AspNetUserRoles AS a
        INNER JOIN AspNetRoles AS a0 ON a.RoleId == a0.Id
        WHERE a.UserId == @__userId_0), 
    null, 
    Func<QueryContext, DbDataReader, ResultContext, SingleQueryResultCoordinator, string>, 
    TelehealthApi.Core.TelehealthDbContext, 
    False, 
    False, 
    True
)'
[18:07:16 DBG] Opening connection to database 'TelehealthDb' on server 'plesk8200.is.cc'.
[18:07:16 DBG] Opened connection to database 'TelehealthDb' on server 'plesk8200.is.cc'.
[18:07:16 DBG] Creating DbCommand for 'ExecuteReader'.
[18:07:16 DBG] Created DbCommand for 'ExecuteReader' (5ms).
[18:07:16 DBG] Initialized DbCommand for 'ExecuteReader' (17ms).
[18:07:16 DBG] Executing DbCommand [Parameters=[@__userId_0='?' (Size = 450)], CommandType='"Text"', CommandTimeout='30']
SELECT [a0].[Name]
FROM [AspNetUserRoles] AS [a]
INNER JOIN [AspNetRoles] AS [a0] ON [a].[RoleId] = [a0].[Id]
WHERE [a].[UserId] = @__userId_0
[18:07:16 INF] Executed DbCommand (332ms) [Parameters=[@__userId_0='?' (Size = 450)], CommandType='"Text"', CommandTimeout='30']
SELECT [a0].[Name]
FROM [AspNetUserRoles] AS [a]
INNER JOIN [AspNetRoles] AS [a0] ON [a].[RoleId] = [a0].[Id]
WHERE [a].[UserId] = @__userId_0
[18:07:16 DBG] Closing data reader to 'TelehealthDb' on server 'plesk8200.is.cc'.
[18:07:16 DBG] A data reader for 'TelehealthDb' on server 'plesk8200.is.cc' is being disposed after spending 35ms reading results.
[18:07:16 DBG] Closing connection to database 'TelehealthDb' on server 'plesk8200.is.cc'.
[18:07:16 DBG] Closed connection to database 'TelehealthDb' on server 'plesk8200.is.cc' (13ms).
[18:07:16 INF] User kamuzonde@bugsbunny.com logged in successfully. Token generated.
[18:07:16 DBG] List of registered output formatters, in the following order: ["Microsoft.AspNetCore.Mvc.Formatters.HttpNoContentOutputFormatter","Microsoft.AspNetCore.Mvc.Formatters.StringOutputFormatter","Microsoft.AspNetCore.Mvc.Formatters.StreamOutputFormatter","Microsoft.AspNetCore.Mvc.Formatters.SystemTextJsonOutputFormatter"]
[18:07:16 DBG] No information found on request to perform content negotiation.
[18:07:16 DBG] Attempting to select an output formatter without using a content type as no explicit content types were specified for the response.
[18:07:16 DBG] Attempting to select the first formatter in the output formatters list which can write the result.
[18:07:16 DBG] Selected output formatter 'Microsoft.AspNetCore.Mvc.Formatters.SystemTextJsonOutputFormatter' and content type 'application/json' to write the response.
[18:07:16 INF] Executing OkObjectResult, writing value of type '<>f__AnonymousType0`1[[System.String, System.Private.CoreLib, Version=8.0.0.0, Culture=neutral, PublicKeyToken=7cec85d7bea7798e]]'.
[18:07:17 INF] Executed action TelehealthApi.Api.Controllers.AccountController.Login (TelehealthApi.Api) in 4559.8072ms
[18:07:17 INF] Executed endpoint 'TelehealthApi.Api.Controllers.AccountController.Login (TelehealthApi.Api)'
[18:07:17 DBG] Connection id "0HNDU4VNF8MU2" completed keep alive response.
[18:07:17 DBG] 'TelehealthDbContext' disposed.
[18:07:17 DBG] Disposing connection to database 'TelehealthDb' on server 'plesk8200.is.cc'.
[18:07:17 DBG] Disposed connection to database '' on server '' (3ms).
[18:07:17 INF] Request finished HTTP/1.1 POST https://localhost:7164/api/Account/login - 200 null application/json; charset=utf-8 4816.7237ms
[18:11:30 DBG] Connection id "0HNDU4VNF8MU0" received FIN.
[18:11:30 DBG] Connection id "0HNDU4VNF8MU2" received FIN.
[18:11:30 DBG] Connection id "0HNDU4VNF8MU0" disconnecting.
[18:11:31 DBG] Connection id "0HNDU4VNF8MU0" sending FIN because: "The Socket transport's send loop completed gracefully."
[18:11:31 DBG] Connection id "0HNDU4VNF8MU2" sending FIN because: "The Socket transport's send loop completed gracefully."
[18:11:31 DBG] Connection id "0HNDU4VNF8MU0" stopped.
[18:11:31 DBG] Connection id "0HNDU4VNF8MU2" disconnecting.
[18:11:31 DBG] Connection id "0HNDU4VNF8MU2" stopped.
[18:12:23 DBG] Connection id "0HNDU4VNF8MU3" received FIN.
[18:12:24 DBG] Connection id "0HNDU4VNF8MU3" accepted.
[18:12:24 DBG] Connection id "0HNDU4VNF8MU3" started.
[18:12:24 DBG] Connection id "0HNDU4VNF8MU4" accepted.
[18:12:24 DBG] Connection id "0HNDU4VNF8MU4" started.
[18:12:24 DBG] Failed to authenticate HTTPS connection.
System.IO.IOException: Received an unexpected EOF or 0 bytes from the transport stream.
   at System.Net.Security.SslStream.ReceiveHandshakeFrameAsync[TIOAdapter](CancellationToken cancellationToken)
   at System.Net.Security.SslStream.ForceAuthenticationAsync[TIOAdapter](Boolean receiveFirst, Byte[] reAuthenticationData, CancellationToken cancellationToken)
   at System.Net.Security.SslStream.ProcessAuthenticationWithTelemetryAsync(Boolean isAsync, CancellationToken cancellationToken)
   at Microsoft.AspNetCore.Server.Kestrel.Https.Internal.HttpsConnectionMiddleware.OnConnectionAsync(ConnectionContext context)
[18:12:24 DBG] Connection 0HNDU4VNF8MU4 established using the following protocol: "Tls13"
[18:12:24 DBG] Connection id "0HNDU4VNF8MU3" stopped.
[18:12:24 DBG] Connection id "0HNDU4VNF8MU3" sending FIN because: "The Socket transport's send loop completed gracefully."
[18:12:24 INF] Request starting HTTP/1.1 GET https://localhost:7164/api/Patients/48108639 - null null
[18:12:24 DBG] 1 candidate(s) found for the request path '/api/Patients/48108639'
[18:12:24 DBG] Endpoint 'TelehealthApi.Api.Controllers.PatientsController.GetPatient (TelehealthApi.Api)' with route pattern 'api/Patients/{id}' is valid for the request path '/api/Patients/48108639'
[18:12:24 DBG] Request matched endpoint 'TelehealthApi.Api.Controllers.PatientsController.GetPatient (TelehealthApi.Api)'
[18:12:24 DBG] Static files was skipped as the request already matched an endpoint.
[18:12:24 DBG] Successfully validated the token.
[18:12:24 DBG] AuthenticationScheme: Bearer was successfully authenticated.
[18:12:24 DBG] Authorization was successful.
[18:12:24 INF] Executing endpoint 'TelehealthApi.Api.Controllers.PatientsController.GetPatient (TelehealthApi.Api)'
[18:12:24 INF] Route matched with {action = "GetPatient", controller = "Patients"}. Executing controller action with signature System.Threading.Tasks.Task`1[Microsoft.AspNetCore.Mvc.IActionResult] GetPatient(System.String) on controller TelehealthApi.Api.Controllers.PatientsController (TelehealthApi.Api).
[18:12:24 DBG] Execution plan of authorization filters (in the following order): ["None"]
[18:12:24 DBG] Execution plan of resource filters (in the following order): ["None"]
[18:12:24 DBG] Execution plan of action filters (in the following order): ["Microsoft.AspNetCore.Mvc.ModelBinding.UnsupportedContentTypeFilter (Order: -3000)","Microsoft.AspNetCore.Mvc.Infrastructure.ModelStateInvalidFilter (Order: -2000)"]
[18:12:24 DBG] Execution plan of exception filters (in the following order): ["None"]
[18:12:24 DBG] Execution plan of result filters (in the following order): ["Microsoft.AspNetCore.Mvc.Infrastructure.ClientErrorResultFilter (Order: -2000)"]
[18:12:24 DBG] Executing controller factory for controller TelehealthApi.Api.Controllers.PatientsController (TelehealthApi.Api)
[18:12:27 DBG] Executed controller factory for controller TelehealthApi.Api.Controllers.PatientsController (TelehealthApi.Api)
[18:12:27 DBG] Attempting to bind parameter 'id' of type 'System.String' ...
[18:12:27 DBG] Attempting to bind parameter 'id' of type 'System.String' using the name 'id' in request data ...
[18:12:27 DBG] Done attempting to bind parameter 'id' of type 'System.String'.
[18:12:27 DBG] Done attempting to bind parameter 'id' of type 'System.String'.
[18:12:27 DBG] Attempting to validate the bound parameter 'id' of type 'System.String' ...
[18:12:27 DBG] Done attempting to validate the bound parameter 'id' of type 'System.String'.
[18:12:27 INF] Attempting to get patient 48108639 by user d2b57619-3993-4a8e-9f10-e135e90254b8 from IP ::1
[18:12:29 ERR] Error getting patient 48108639: Operation was unsuccessful, and returned status InternalServerError. OperationOutcome: <div xmlns="http://www.w3.org/1999/xhtml"><h1>Operation Outcome</h1><table border="0"><tr><td style="font-weight: bold;">ERROR</td><td>[]</td><td>HAPI-2223: Timer already cancelled.</td></tr></table></div>.
Hl7.Fhir.Rest.FhirOperationException: Operation was unsuccessful, and returned status InternalServerError. OperationOutcome: <div xmlns="http://www.w3.org/1999/xhtml"><h1>Operation Outcome</h1><table border="0"><tr><td style="font-weight: bold;">ERROR</td><td>[]</td><td>HAPI-2223: Timer already cancelled.</td></tr></table></div>.
   at Hl7.Fhir.Rest.BaseFhirClient.extractResourceFromHttpResponse[TResource](IEnumerable`1 expect, HttpResponseMessage responseMessage, HttpRequestMessage msg, EntryComponent entryComponent, Boolean useBinaryProtocol)
   at Hl7.Fhir.Rest.BaseFhirClient.executeAsync[TResource](Bundle tx, IEnumerable`1 expect, Nullable`1 ct)
   at TelehealthApi.Core.Services.FhirService.GetPatientAsync(String id) in C:\Users\Farai C Kepekepe\source\repos\TelehealthApi\TelehealthApi.Core\Services\FhirService.cs:line 24
[18:12:30 ERR] Error getting patient 48108639 by user d2b57619-3993-4a8e-9f10-e135e90254b8 from IP ::1
Hl7.Fhir.Rest.FhirOperationException: Operation was unsuccessful, and returned status InternalServerError. OperationOutcome: <div xmlns="http://www.w3.org/1999/xhtml"><h1>Operation Outcome</h1><table border="0"><tr><td style="font-weight: bold;">ERROR</td><td>[]</td><td>HAPI-2223: Timer already cancelled.</td></tr></table></div>.
   at Hl7.Fhir.Rest.BaseFhirClient.extractResourceFromHttpResponse[TResource](IEnumerable`1 expect, HttpResponseMessage responseMessage, HttpRequestMessage msg, EntryComponent entryComponent, Boolean useBinaryProtocol)
   at Hl7.Fhir.Rest.BaseFhirClient.executeAsync[TResource](Bundle tx, IEnumerable`1 expect, Nullable`1 ct)
   at TelehealthApi.Core.Services.FhirService.GetPatientAsync(String id) in C:\Users\Farai C Kepekepe\source\repos\TelehealthApi\TelehealthApi.Core\Services\FhirService.cs:line 24
   at TelehealthApi.Core.Services.PatientService.GetPatientByIdAsync(String fhirPatientId, String userId) in C:\Users\Farai C Kepekepe\source\repos\TelehealthApi\TelehealthApi.Core\Services\PatientService.cs:line 130
   at TelehealthApi.Api.Controllers.PatientsController.GetPatient(String id) in C:\Users\Farai C Kepekepe\source\repos\TelehealthApi\TelehealthApi.Api\Controllers\PatientsController.cs:line 53
[18:12:30 DBG] Entity Framework Core 8.0.16 initialized 'TelehealthDbContext' using provider 'Microsoft.EntityFrameworkCore.SqlServer:8.0.16' with options: None
[18:12:30 DBG] Context 'TelehealthDbContext' started tracking 'AuditLog' entity. Consider using 'DbContextOptionsBuilder.EnableSensitiveDataLogging' to see key values.
[18:12:30 DBG] SaveChanges starting for 'TelehealthDbContext'.
[18:12:31 DBG] DetectChanges starting for 'TelehealthDbContext'.
[18:12:31 DBG] DetectChanges completed for 'TelehealthDbContext'.
[18:12:31 DBG] Creating DbConnection.
[18:12:31 DBG] Created DbConnection. (17ms).
[18:12:31 DBG] Opening connection to database 'TelehealthDb' on server 'plesk8200.is.cc'.
[18:12:31 DBG] Opened connection to database 'TelehealthDb' on server 'plesk8200.is.cc'.
[18:12:31 DBG] Creating DbCommand for 'ExecuteReader'.
[18:12:31 DBG] Created DbCommand for 'ExecuteReader' (24ms).
[18:12:31 DBG] Initialized DbCommand for 'ExecuteReader' (39ms).
[18:12:31 DBG] Executing DbCommand [Parameters=[@p0='?' (DbType = Guid), @p1='?' (Size = 4000), @p2='?' (Size = 4000), @p3='?' (Size = 4000), @p4='?' (Size = 4000), @p5='?' (DbType = DateTime2), @p6='?' (Size = 450)], CommandType='"Text"', CommandTimeout='30']
SET IMPLICIT_TRANSACTIONS OFF;
SET NOCOUNT ON;
INSERT INTO [telehealthkeps].[AuditLogs] ([Id], [Action], [Details], [ResourceId], [ResourceType], [Timestamp], [UserId])
VALUES (@p0, @p1, @p2, @p3, @p4, @p5, @p6);
[18:12:32 INF] Executed DbCommand (349ms) [Parameters=[@p0='?' (DbType = Guid), @p1='?' (Size = 4000), @p2='?' (Size = 4000), @p3='?' (Size = 4000), @p4='?' (Size = 4000), @p5='?' (DbType = DateTime2), @p6='?' (Size = 450)], CommandType='"Text"', CommandTimeout='30']
SET IMPLICIT_TRANSACTIONS OFF;
SET NOCOUNT ON;
INSERT INTO [telehealthkeps].[AuditLogs] ([Id], [Action], [Details], [ResourceId], [ResourceType], [Timestamp], [UserId])
VALUES (@p0, @p1, @p2, @p3, @p4, @p5, @p6);
[18:12:32 DBG] Closing data reader to 'TelehealthDb' on server 'plesk8200.is.cc'.
[18:12:32 DBG] A data reader for 'TelehealthDb' on server 'plesk8200.is.cc' is being disposed after spending 29ms reading results.
[18:12:32 DBG] Closing connection to database 'TelehealthDb' on server 'plesk8200.is.cc'.
[18:12:32 DBG] Closed connection to database 'TelehealthDb' on server 'plesk8200.is.cc' (8ms).
[18:12:32 DBG] An entity of type 'AuditLog' tracked by 'TelehealthDbContext' changed state from '"Added"' to '"Unchanged"'. Consider using 'DbContextOptionsBuilder.EnableSensitiveDataLogging' to see key values.
[18:12:32 DBG] SaveChanges completed for 'TelehealthDbContext' with 1 entities written to the database.
[18:12:32 DBG] 'TelehealthDbContext' disposed.
[18:12:32 DBG] Disposing connection to database 'TelehealthDb' on server 'plesk8200.is.cc'.
[18:12:32 DBG] Disposed connection to database '' on server '' (5ms).
[18:12:32 DBG] List of registered output formatters, in the following order: ["Microsoft.AspNetCore.Mvc.Formatters.HttpNoContentOutputFormatter","Microsoft.AspNetCore.Mvc.Formatters.StringOutputFormatter","Microsoft.AspNetCore.Mvc.Formatters.StreamOutputFormatter","Microsoft.AspNetCore.Mvc.Formatters.SystemTextJsonOutputFormatter"]
[18:12:32 DBG] No information found on request to perform content negotiation.
[18:12:32 DBG] Attempting to select an output formatter without using a content type as no explicit content types were specified for the response.
[18:12:32 DBG] Attempting to select the first formatter in the output formatters list which can write the result.
[18:12:32 DBG] Selected output formatter 'Microsoft.AspNetCore.Mvc.Formatters.StringOutputFormatter' and content type 'text/plain' to write the response.
[18:12:32 INF] Executing ObjectResult, writing value of type 'System.String'.
[18:12:32 INF] Executed action TelehealthApi.Api.Controllers.PatientsController.GetPatient (TelehealthApi.Api) in 8088.3621ms
[18:12:32 INF] Executed endpoint 'TelehealthApi.Api.Controllers.PatientsController.GetPatient (TelehealthApi.Api)'
[18:12:32 DBG] Connection id "0HNDU4VNF8MU4" completed keep alive response.
[18:12:32 INF] Request finished HTTP/1.1 GET https://localhost:7164/api/Patients/48108639 - 500 null text/plain; charset=utf-8 8457.3004ms
[18:13:06 INF] Request starting HTTP/1.1 GET https://localhost:7164/api/Patients/48168783 - null null
[18:13:06 DBG] 1 candidate(s) found for the request path '/api/Patients/48168783'
[18:13:06 DBG] Endpoint 'TelehealthApi.Api.Controllers.PatientsController.GetPatient (TelehealthApi.Api)' with route pattern 'api/Patients/{id}' is valid for the request path '/api/Patients/48168783'
[18:13:06 DBG] Request matched endpoint 'TelehealthApi.Api.Controllers.PatientsController.GetPatient (TelehealthApi.Api)'
[18:13:06 DBG] Static files was skipped as the request already matched an endpoint.
[18:13:06 DBG] Successfully validated the token.
[18:13:06 DBG] AuthenticationScheme: Bearer was successfully authenticated.
[18:13:06 DBG] Authorization was successful.
[18:13:06 INF] Executing endpoint 'TelehealthApi.Api.Controllers.PatientsController.GetPatient (TelehealthApi.Api)'
[18:13:06 INF] Route matched with {action = "GetPatient", controller = "Patients"}. Executing controller action with signature System.Threading.Tasks.Task`1[Microsoft.AspNetCore.Mvc.IActionResult] GetPatient(System.String) on controller TelehealthApi.Api.Controllers.PatientsController (TelehealthApi.Api).
[18:13:06 DBG] Execution plan of authorization filters (in the following order): ["None"]
[18:13:06 DBG] Execution plan of resource filters (in the following order): ["None"]
[18:13:06 DBG] Execution plan of action filters (in the following order): ["Microsoft.AspNetCore.Mvc.ModelBinding.UnsupportedContentTypeFilter (Order: -3000)","Microsoft.AspNetCore.Mvc.Infrastructure.ModelStateInvalidFilter (Order: -2000)"]
[18:13:06 DBG] Execution plan of exception filters (in the following order): ["None"]
[18:13:06 DBG] Execution plan of result filters (in the following order): ["Microsoft.AspNetCore.Mvc.Infrastructure.ClientErrorResultFilter (Order: -2000)"]
[18:13:06 DBG] Executing controller factory for controller TelehealthApi.Api.Controllers.PatientsController (TelehealthApi.Api)
[18:13:06 DBG] Executed controller factory for controller TelehealthApi.Api.Controllers.PatientsController (TelehealthApi.Api)
[18:13:06 DBG] Attempting to bind parameter 'id' of type 'System.String' ...
[18:13:06 DBG] Attempting to bind parameter 'id' of type 'System.String' using the name 'id' in request data ...
[18:13:06 DBG] Done attempting to bind parameter 'id' of type 'System.String'.
[18:13:06 DBG] Done attempting to bind parameter 'id' of type 'System.String'.
[18:13:06 DBG] Attempting to validate the bound parameter 'id' of type 'System.String' ...
[18:13:06 DBG] Done attempting to validate the bound parameter 'id' of type 'System.String'.
[18:13:06 INF] Attempting to get patient 48168783 by user d2b57619-3993-4a8e-9f10-e135e90254b8 from IP ::1
[18:13:07 ERR] Error getting patient 48168783: Operation was unsuccessful, and returned status InternalServerError. OperationOutcome: <div xmlns="http://www.w3.org/1999/xhtml"><h1>Operation Outcome</h1><table border="0"><tr><td style="font-weight: bold;">ERROR</td><td>[]</td><td>HAPI-2223: Timer already cancelled.</td></tr></table></div>.
Hl7.Fhir.Rest.FhirOperationException: Operation was unsuccessful, and returned status InternalServerError. OperationOutcome: <div xmlns="http://www.w3.org/1999/xhtml"><h1>Operation Outcome</h1><table border="0"><tr><td style="font-weight: bold;">ERROR</td><td>[]</td><td>HAPI-2223: Timer already cancelled.</td></tr></table></div>.
   at Hl7.Fhir.Rest.BaseFhirClient.extractResourceFromHttpResponse[TResource](IEnumerable`1 expect, HttpResponseMessage responseMessage, HttpRequestMessage msg, EntryComponent entryComponent, Boolean useBinaryProtocol)
   at Hl7.Fhir.Rest.BaseFhirClient.executeAsync[TResource](Bundle tx, IEnumerable`1 expect, Nullable`1 ct)
   at TelehealthApi.Core.Services.FhirService.GetPatientAsync(String id) in C:\Users\Farai C Kepekepe\source\repos\TelehealthApi\TelehealthApi.Core\Services\FhirService.cs:line 24
[18:13:07 ERR] Error getting patient 48168783 by user d2b57619-3993-4a8e-9f10-e135e90254b8 from IP ::1
Hl7.Fhir.Rest.FhirOperationException: Operation was unsuccessful, and returned status InternalServerError. OperationOutcome: <div xmlns="http://www.w3.org/1999/xhtml"><h1>Operation Outcome</h1><table border="0"><tr><td style="font-weight: bold;">ERROR</td><td>[]</td><td>HAPI-2223: Timer already cancelled.</td></tr></table></div>.
   at Hl7.Fhir.Rest.BaseFhirClient.extractResourceFromHttpResponse[TResource](IEnumerable`1 expect, HttpResponseMessage responseMessage, HttpRequestMessage msg, EntryComponent entryComponent, Boolean useBinaryProtocol)
   at Hl7.Fhir.Rest.BaseFhirClient.executeAsync[TResource](Bundle tx, IEnumerable`1 expect, Nullable`1 ct)
   at TelehealthApi.Core.Services.FhirService.GetPatientAsync(String id) in C:\Users\Farai C Kepekepe\source\repos\TelehealthApi\TelehealthApi.Core\Services\FhirService.cs:line 24
   at TelehealthApi.Core.Services.PatientService.GetPatientByIdAsync(String fhirPatientId, String userId) in C:\Users\Farai C Kepekepe\source\repos\TelehealthApi\TelehealthApi.Core\Services\PatientService.cs:line 130
   at TelehealthApi.Api.Controllers.PatientsController.GetPatient(String id) in C:\Users\Farai C Kepekepe\source\repos\TelehealthApi\TelehealthApi.Api\Controllers\PatientsController.cs:line 53
[18:13:07 DBG] Entity Framework Core 8.0.16 initialized 'TelehealthDbContext' using provider 'Microsoft.EntityFrameworkCore.SqlServer:8.0.16' with options: None
[18:13:07 DBG] Context 'TelehealthDbContext' started tracking 'AuditLog' entity. Consider using 'DbContextOptionsBuilder.EnableSensitiveDataLogging' to see key values.
[18:13:07 DBG] SaveChanges starting for 'TelehealthDbContext'.
[18:13:07 DBG] DetectChanges starting for 'TelehealthDbContext'.
[18:13:07 DBG] DetectChanges completed for 'TelehealthDbContext'.
[18:13:07 DBG] Creating DbConnection.
[18:13:07 DBG] Created DbConnection. (6ms).
[18:13:07 DBG] Opening connection to database 'TelehealthDb' on server 'plesk8200.is.cc'.
[18:13:07 DBG] Opened connection to database 'TelehealthDb' on server 'plesk8200.is.cc'.
[18:13:07 DBG] Creating DbCommand for 'ExecuteReader'.
[18:13:07 DBG] Created DbCommand for 'ExecuteReader' (11ms).
[18:13:07 DBG] Initialized DbCommand for 'ExecuteReader' (16ms).
[18:13:07 DBG] Executing DbCommand [Parameters=[@p0='?' (DbType = Guid), @p1='?' (Size = 4000), @p2='?' (Size = 4000), @p3='?' (Size = 4000), @p4='?' (Size = 4000), @p5='?' (DbType = DateTime2), @p6='?' (Size = 450)], CommandType='"Text"', CommandTimeout='30']
SET IMPLICIT_TRANSACTIONS OFF;
SET NOCOUNT ON;
INSERT INTO [telehealthkeps].[AuditLogs] ([Id], [Action], [Details], [ResourceId], [ResourceType], [Timestamp], [UserId])
VALUES (@p0, @p1, @p2, @p3, @p4, @p5, @p6);
[18:13:08 INF] Executed DbCommand (374ms) [Parameters=[@p0='?' (DbType = Guid), @p1='?' (Size = 4000), @p2='?' (Size = 4000), @p3='?' (Size = 4000), @p4='?' (Size = 4000), @p5='?' (DbType = DateTime2), @p6='?' (Size = 450)], CommandType='"Text"', CommandTimeout='30']
SET IMPLICIT_TRANSACTIONS OFF;
SET NOCOUNT ON;
INSERT INTO [telehealthkeps].[AuditLogs] ([Id], [Action], [Details], [ResourceId], [ResourceType], [Timestamp], [UserId])
VALUES (@p0, @p1, @p2, @p3, @p4, @p5, @p6);
[18:13:08 DBG] Closing data reader to 'TelehealthDb' on server 'plesk8200.is.cc'.
[18:13:08 DBG] A data reader for 'TelehealthDb' on server 'plesk8200.is.cc' is being disposed after spending 11ms reading results.
[18:13:08 DBG] Closing connection to database 'TelehealthDb' on server 'plesk8200.is.cc'.
[18:13:08 DBG] Closed connection to database 'TelehealthDb' on server 'plesk8200.is.cc' (14ms).
[18:13:08 DBG] An entity of type 'AuditLog' tracked by 'TelehealthDbContext' changed state from '"Added"' to '"Unchanged"'. Consider using 'DbContextOptionsBuilder.EnableSensitiveDataLogging' to see key values.
[18:13:08 DBG] SaveChanges completed for 'TelehealthDbContext' with 1 entities written to the database.
[18:13:08 DBG] 'TelehealthDbContext' disposed.
[18:13:08 DBG] Disposing connection to database 'TelehealthDb' on server 'plesk8200.is.cc'.
[18:13:08 DBG] Disposed connection to database '' on server '' (10ms).
[18:13:08 DBG] List of registered output formatters, in the following order: ["Microsoft.AspNetCore.Mvc.Formatters.HttpNoContentOutputFormatter","Microsoft.AspNetCore.Mvc.Formatters.StringOutputFormatter","Microsoft.AspNetCore.Mvc.Formatters.StreamOutputFormatter","Microsoft.AspNetCore.Mvc.Formatters.SystemTextJsonOutputFormatter"]
[18:13:08 DBG] No information found on request to perform content negotiation.
[18:13:08 DBG] Attempting to select an output formatter without using a content type as no explicit content types were specified for the response.
[18:13:08 DBG] Attempting to select the first formatter in the output formatters list which can write the result.
[18:13:08 DBG] Selected output formatter 'Microsoft.AspNetCore.Mvc.Formatters.StringOutputFormatter' and content type 'text/plain' to write the response.
[18:13:08 INF] Executing ObjectResult, writing value of type 'System.String'.
[18:13:08 INF] Executed action TelehealthApi.Api.Controllers.PatientsController.GetPatient (TelehealthApi.Api) in 2149.0579ms
[18:13:08 INF] Executed endpoint 'TelehealthApi.Api.Controllers.PatientsController.GetPatient (TelehealthApi.Api)'
[18:13:08 DBG] Connection id "0HNDU4VNF8MU4" completed keep alive response.
[18:13:08 INF] Request finished HTTP/1.1 GET https://localhost:7164/api/Patients/48168783 - 500 null text/plain; charset=utf-8 2282.9984ms
