[00:24:42 DBG] Config reload token fired. Checking for changes...
[13:42:28 DBG] Registered model binder providers, in the following order: ["Microsoft.AspNetCore.Mvc.ModelBinding.Binders.BinderTypeModelBinderProvider","Microsoft.AspNetCore.Mvc.ModelBinding.Binders.ServicesModelBinderProvider","Microsoft.AspNetCore.Mvc.ModelBinding.Binders.BodyModelBinderProvider","Microsoft.AspNetCore.Mvc.ModelBinding.Binders.HeaderModelBinderProvider","Microsoft.AspNetCore.Mvc.ModelBinding.Binders.FloatingPointTypeModelBinderProvider","Microsoft.AspNetCore.Mvc.ModelBinding.Binders.EnumTypeModelBinderProvider","Microsoft.AspNetCore.Mvc.ModelBinding.Binders.DateTimeModelBinderProvider","Microsoft.AspNetCore.Mvc.ModelBinding.Binders.SimpleTypeModelBinderProvider","Microsoft.AspNetCore.Mvc.ModelBinding.Binders.TryParseModelBinderProvider","Microsoft.AspNetCore.Mvc.ModelBinding.Binders.CancellationTokenModelBinderProvider","Microsoft.AspNetCore.Mvc.ModelBinding.Binders.ByteArrayModelBinderProvider","Microsoft.AspNetCore.Mvc.ModelBinding.Binders.FormFileModelBinderProvider","Microsoft.AspNetCore.Mvc.ModelBinding.Binders.FormCollectionModelBinderProvider","Microsoft.AspNetCore.Mvc.ModelBinding.Binders.KeyValuePairModelBinderProvider","Microsoft.AspNetCore.Mvc.ModelBinding.Binders.DictionaryModelBinderProvider","Microsoft.AspNetCore.Mvc.ModelBinding.Binders.ArrayModelBinderProvider","Microsoft.AspNetCore.Mvc.ModelBinding.Binders.CollectionModelBinderProvider","Microsoft.AspNetCore.Mvc.ModelBinding.Binders.ComplexObjectModelBinderProvider"]
[13:42:28 DBG] Hosting starting
[13:42:29 INF] User profile is available. Using 'C:\Users\Farai C Kepekepe\AppData\Local\ASP.NET\DataProtection-Keys' as key repository and Windows DPAPI to encrypt keys at rest.
[13:42:29 DBG] Reading data from file 'C:\Users\Farai C Kepekepe\AppData\Local\ASP.NET\DataProtection-Keys\key-1905e520-786d-410b-adc2-45857184ad19.xml'.
[13:42:29 DBG] Reading data from file 'C:\Users\Farai C Kepekepe\AppData\Local\ASP.NET\DataProtection-Keys\key-41d331a8-1af0-45c5-b91b-f4a8ba2461b7.xml'.
[13:42:29 DBG] Found key {1905e520-786d-410b-adc2-45857184ad19}.
[13:42:29 DBG] Found key {41d331a8-1af0-45c5-b91b-f4a8ba2461b7}.
[13:42:29 DBG] Considering key {41d331a8-1af0-45c5-b91b-f4a8ba2461b7} with expiration date 2025-08-20 07:16:44Z as default key.
[13:42:29 DBG] Forwarded activator type request from Microsoft.AspNetCore.DataProtection.XmlEncryption.DpapiXmlDecryptor, Microsoft.AspNetCore.DataProtection, Version=9.0.0.0, Culture=neutral, PublicKeyToken=adb9793829ddae60 to Microsoft.AspNetCore.DataProtection.XmlEncryption.DpapiXmlDecryptor, Microsoft.AspNetCore.DataProtection, Culture=neutral, PublicKeyToken=adb9793829ddae60
[13:42:29 DBG] Decrypting secret element using Windows DPAPI.
[13:42:29 DBG] Forwarded activator type request from Microsoft.AspNetCore.DataProtection.AuthenticatedEncryption.ConfigurationModel.AuthenticatedEncryptorDescriptorDeserializer, Microsoft.AspNetCore.DataProtection, Version=9.0.0.0, Culture=neutral, PublicKeyToken=adb9793829ddae60 to Microsoft.AspNetCore.DataProtection.AuthenticatedEncryption.ConfigurationModel.AuthenticatedEncryptorDescriptorDeserializer, Microsoft.AspNetCore.DataProtection, Culture=neutral, PublicKeyToken=adb9793829ddae60
[13:42:29 DBG] Opening CNG algorithm 'AES' from provider 'null' with chaining mode CBC.
[13:42:29 DBG] Opening CNG algorithm 'SHA256' from provider 'null' with HMAC.
[13:42:29 DBG] Using key {41d331a8-1af0-45c5-b91b-f4a8ba2461b7} as the default key.
[13:42:29 DBG] Key ring with default key {41d331a8-1af0-45c5-b91b-f4a8ba2461b7} was loaded during application startup.
[13:42:29 DBG] Connection id "0HNDOIHE1AD3D" received FIN.
[13:42:29 DBG] Connection id "0HNDOIHE1AD3E" received FIN.
[13:42:29 DBG] Connection id "0HNDOIHE1AD3D" accepted.
[13:42:29 DBG] Connection id "0HNDOIHE1AD3E" accepted.
[13:42:29 DBG] Connection id "0HNDOIHE1AD3E" started.
[13:42:29 DBG] Connection id "0HNDOIHE1AD3D" started.
[13:42:29 INF] Now listening on: https://localhost:7164
[13:42:29 INF] Now listening on: http://localhost:5141
[13:42:29 DBG] Loaded hosting startup assembly TelehealthApi.Api
[13:42:29 DBG] Loaded hosting startup assembly Microsoft.WebTools.ApiEndpointDiscovery
[13:42:29 DBG] Failed to authenticate HTTPS connection.
System.IO.IOException: Received an unexpected EOF or 0 bytes from the transport stream.
   at System.Net.Security.SslStream.ReceiveHandshakeFrameAsync[TIOAdapter](CancellationToken cancellationToken)
   at System.Net.Security.SslStream.ForceAuthenticationAsync[TIOAdapter](Boolean receiveFirst, Byte[] reAuthenticationData, CancellationToken cancellationToken)
   at System.Net.Security.SslStream.ProcessAuthenticationWithTelemetryAsync(Boolean isAsync, CancellationToken cancellationToken)
   at Microsoft.AspNetCore.Server.Kestrel.Https.Internal.HttpsConnectionMiddleware.OnConnectionAsync(ConnectionContext context)
[13:42:29 DBG] Loaded hosting startup assembly Microsoft.AspNetCore.Watch.BrowserRefresh
[13:42:29 DBG] Failed to authenticate HTTPS connection.
System.IO.IOException: Received an unexpected EOF or 0 bytes from the transport stream.
   at System.Net.Security.SslStream.ReceiveHandshakeFrameAsync[TIOAdapter](CancellationToken cancellationToken)
   at System.Net.Security.SslStream.ForceAuthenticationAsync[TIOAdapter](Boolean receiveFirst, Byte[] reAuthenticationData, CancellationToken cancellationToken)
   at System.Net.Security.SslStream.ProcessAuthenticationWithTelemetryAsync(Boolean isAsync, CancellationToken cancellationToken)
   at Microsoft.AspNetCore.Server.Kestrel.Https.Internal.HttpsConnectionMiddleware.OnConnectionAsync(ConnectionContext context)
[13:42:29 DBG] Loaded hosting startup assembly Microsoft.WebTools.BrowserLink.Net
[13:42:29 DBG] Connection id "0HNDOIHE1AD3E" stopped.
[13:42:29 DBG] Connection id "0HNDOIHE1AD3D" stopped.
[13:42:29 DBG] Connection id "0HNDOIHE1AD3E" sending FIN because: "The Socket transport's send loop completed gracefully."
[13:42:29 DBG] Connection id "0HNDOIHE1AD3D" sending FIN because: "The Socket transport's send loop completed gracefully."
[13:42:30 INF] Application started. Press Ctrl+C to shut down.
[13:42:30 DBG] Connection id "0HNDOIHE1AD3F" accepted.
[13:42:30 INF] Hosting environment: Development
[13:42:30 DBG] Connection id "0HNDOIHE1AD3F" started.
[13:42:31 INF] Content root path: C:\Users\Farai C Kepekepe\source\repos\TelehealthApi\TelehealthApi.Api
[13:42:32 DBG] Connection 0HNDOIHE1AD3F established using the following protocol: "Tls13"
[13:42:32 DBG] Hosting started
[13:42:33 INF] Request starting HTTP/2 GET https://localhost:7164/swagger/index.html - null null
[13:42:34 DBG] Wildcard detected, all requests with hosts will be allowed.
[13:42:34 DBG] No candidates found for the request path '/swagger/index.html'
[13:42:34 DBG] Request did not match any endpoints
[13:42:34 DBG] Response markup is scheduled to include Browser Link script injection.
[13:42:34 DBG] Response markup is scheduled to include browser refresh script injection.
[13:42:34 DBG] Response markup was updated to include Browser Link script injection.
[13:42:34 DBG] Response markup was updated to include browser refresh script injection.
[13:42:34 INF] Request finished HTTP/2 GET https://localhost:7164/swagger/index.html - 200 null text/html;charset=utf-8 1056.9617ms
[13:42:34 INF] Request starting HTTP/2 GET https://localhost:7164/_vs/browserLink - null null
[13:42:34 INF] Request starting HTTP/2 GET https://localhost:7164/_framework/aspnetcore-browser-refresh.js - null null
[13:42:35 INF] Request finished HTTP/2 GET https://localhost:7164/_framework/aspnetcore-browser-refresh.js - 200 13770 application/javascript; charset=utf-8 63.7706ms
[13:42:35 INF] Request finished HTTP/2 GET https://localhost:7164/_vs/browserLink - 200 null text/javascript; charset=UTF-8 197.1617ms
[13:42:35 INF] Request starting HTTP/2 GET https://localhost:7164/swagger/v1/swagger.json - null null
[13:42:35 DBG] No candidates found for the request path '/swagger/v1/swagger.json'
[13:42:35 DBG] Request did not match any endpoints
[13:42:35 INF] Request finished HTTP/2 GET https://localhost:7164/swagger/v1/swagger.json - 200 null application/json;charset=utf-8 178.2647ms
[13:42:37 INF] Request starting HTTP/2 GET https://localhost:7164/_framework/aspnetcore-browser-refresh.js - null null
[13:42:37 INF] Request finished HTTP/2 GET https://localhost:7164/_framework/aspnetcore-browser-refresh.js - 200 13770 application/javascript; charset=utf-8 13.9652ms
[13:42:40 INF] Request starting HTTP/2 GET https://localhost:7164/swagger/v1/swagger.json - null null
[13:42:40 DBG] No candidates found for the request path '/swagger/v1/swagger.json'
[13:42:40 DBG] Request did not match any endpoints
[13:42:40 INF] Request finished HTTP/2 GET https://localhost:7164/swagger/v1/swagger.json - 200 null application/json;charset=utf-8 26.4222ms
[13:43:06 DBG] Connection id "0HNDOIHE1AD3G" accepted.
[13:43:06 DBG] Connection id "0HNDOIHE1AD3G" received FIN.
[13:43:06 DBG] Connection id "0HNDOIHE1AD3H" accepted.
[13:43:06 DBG] Connection id "0HNDOIHE1AD3G" started.
[13:43:06 DBG] Connection id "0HNDOIHE1AD3H" started.
[13:43:06 DBG] Failed to authenticate HTTPS connection.
System.IO.IOException: Received an unexpected EOF or 0 bytes from the transport stream.
   at System.Net.Security.SslStream.ReceiveHandshakeFrameAsync[TIOAdapter](CancellationToken cancellationToken)
   at System.Net.Security.SslStream.ForceAuthenticationAsync[TIOAdapter](Boolean receiveFirst, Byte[] reAuthenticationData, CancellationToken cancellationToken)
   at System.Net.Security.SslStream.ProcessAuthenticationWithTelemetryAsync(Boolean isAsync, CancellationToken cancellationToken)
   at Microsoft.AspNetCore.Server.Kestrel.Https.Internal.HttpsConnectionMiddleware.OnConnectionAsync(ConnectionContext context)
[13:43:06 DBG] Connection 0HNDOIHE1AD3H established using the following protocol: "Tls13"
[13:43:06 DBG] Connection id "0HNDOIHE1AD3G" stopped.
[13:43:06 INF] Request starting HTTP/1.1 POST https://localhost:7164/api/Patients - application/json 119
[13:43:06 DBG] Connection id "0HNDOIHE1AD3G" sending FIN because: "The Socket transport's send loop completed gracefully."
[13:43:06 DBG] 1 candidate(s) found for the request path '/api/Patients'
[13:43:06 DBG] Endpoint 'TelehealthApi.Api.Controllers.PatientsController.CreatePatient (TelehealthApi.Api)' with route pattern 'api/Patients' is valid for the request path '/api/Patients'
[13:43:06 DBG] Request matched endpoint 'TelehealthApi.Api.Controllers.PatientsController.CreatePatient (TelehealthApi.Api)'
[13:43:06 DBG] Static files was skipped as the request already matched an endpoint.
[13:43:06 DBG] Successfully validated the token.
[13:43:06 DBG] AuthenticationScheme: Bearer was successfully authenticated.
[13:43:06 DBG] Authorization was successful.
[13:43:06 INF] Executing endpoint 'TelehealthApi.Api.Controllers.PatientsController.CreatePatient (TelehealthApi.Api)'
[13:43:06 INF] Route matched with {action = "CreatePatient", controller = "Patients"}. Executing controller action with signature System.Threading.Tasks.Task`1[Microsoft.AspNetCore.Mvc.IActionResult] CreatePatient(PatientInput) on controller TelehealthApi.Api.Controllers.PatientsController (TelehealthApi.Api).
[13:43:06 DBG] Execution plan of authorization filters (in the following order): ["None"]
[13:43:06 DBG] Execution plan of resource filters (in the following order): ["None"]
[13:43:06 DBG] Execution plan of action filters (in the following order): ["Microsoft.AspNetCore.Mvc.ModelBinding.UnsupportedContentTypeFilter (Order: -3000)","Microsoft.AspNetCore.Mvc.Infrastructure.ModelStateInvalidFilter (Order: -2000)"]
[13:43:06 DBG] Execution plan of exception filters (in the following order): ["None"]
[13:43:06 DBG] Execution plan of result filters (in the following order): ["Microsoft.AspNetCore.Mvc.Infrastructure.ClientErrorResultFilter (Order: -2000)"]
[13:43:06 DBG] Executing controller factory for controller TelehealthApi.Api.Controllers.PatientsController (TelehealthApi.Api)
[13:43:08 DBG] An 'IServiceProvider' was created for internal use by Entity Framework.
[13:43:08 DBG] Executed controller factory for controller TelehealthApi.Api.Controllers.PatientsController (TelehealthApi.Api)
[13:43:08 DBG] Attempting to bind parameter 'input' of type 'TelehealthApi.Api.Controllers.PatientsController+PatientInput' ...
[13:43:08 DBG] Attempting to bind parameter 'input' of type 'TelehealthApi.Api.Controllers.PatientsController+PatientInput' using the name '' in request data ...
[13:43:08 DBG] Selected input formatter 'Microsoft.AspNetCore.Mvc.Formatters.SystemTextJsonInputFormatter' for content type 'application/json'.
[13:43:08 DBG] Connection id "0HNDOIHE1AD3H", Request id "0HNDOIHE1AD3H:00000001": started reading request body.
[13:43:08 DBG] Connection id "0HNDOIHE1AD3H", Request id "0HNDOIHE1AD3H:00000001": done reading request body.
[13:43:08 DBG] JSON input formatter succeeded, deserializing to type 'TelehealthApi.Api.Controllers.PatientsController+PatientInput'
[13:43:08 DBG] Done attempting to bind parameter 'input' of type 'TelehealthApi.Api.Controllers.PatientsController+PatientInput'.
[13:43:08 DBG] Done attempting to bind parameter 'input' of type 'TelehealthApi.Api.Controllers.PatientsController+PatientInput'.
[13:43:08 DBG] Attempting to validate the bound parameter 'input' of type 'TelehealthApi.Api.Controllers.PatientsController+PatientInput' ...
[13:43:08 DBG] Done attempting to validate the bound parameter 'input' of type 'TelehealthApi.Api.Controllers.PatientsController+PatientInput'.
[13:43:08 INF] Attempting to create patient for email reggy@cuteandugly.com by user kamuzonde@bugsbunny.com from IP ::1
[13:43:09 DBG] The index {'UserId'} was not created on entity type 'IdentityUserRole<string>' as the properties are already covered by the index {'UserId', 'RoleId'}.
[13:43:10 DBG] The index {'UserId'} was not created on entity type 'IdentityUserToken<string>' as the properties are already covered by the index {'UserId', 'LoginProvider', 'Name'}.
[13:43:10 DBG] Entity Framework Core 8.0.16 initialized 'TelehealthDbContext' using provider 'Microsoft.EntityFrameworkCore.SqlServer:8.0.16' with options: None
[13:43:10 DBG] Compiling query expression: 
'DbSet<Patient>()
    .Where(p => p.Email == __email_0)'
[13:43:11 DBG] Generated query execution expression: 
'queryContext => new SingleQueryingEnumerable<Patient>(
    (RelationalQueryContext)queryContext, 
    RelationalCommandCache.QueryExpression(
        Projection Mapping:
            EmptyProjectionMember -> Dictionary<IProperty, int> { [Property: Patient.Id (Guid) Required PK AfterSave:Throw ValueGenerated.OnAdd, 0], [Property: Patient.Email (string) Required Index, 1], [Property: Patient.EncryptedName (string) Required, 2], [Property: Patient.FhirPatientId (string) Required Index, 3], [Property: Patient.UserId (string), 4] }
        SELECT p.Id, p.Email, p.EncryptedName, p.FhirPatientId, p.UserId
        FROM Patients AS p
        WHERE p.Email == @__email_0), 
    null, 
    Func<QueryContext, DbDataReader, ResultContext, SingleQueryResultCoordinator, Patient>, 
    TelehealthApi.Core.TelehealthDbContext, 
    False, 
    False, 
    True
)'
[13:43:11 DBG] Creating DbConnection.
[13:43:11 DBG] Created DbConnection. (83ms).
[13:43:11 DBG] Opening connection to database 'TelehealthDb' on server 'plesk8200.is.cc'.
[13:43:18 DBG] Opened connection to database 'TelehealthDb' on server 'plesk8200.is.cc'.
[13:43:18 DBG] Creating DbCommand for 'ExecuteReader'.
[13:43:18 DBG] Created DbCommand for 'ExecuteReader' (23ms).
[13:43:18 DBG] Initialized DbCommand for 'ExecuteReader' (75ms).
[13:43:18 DBG] Executing DbCommand [Parameters=[@__email_0='?' (Size = 450)], CommandType='"Text"', CommandTimeout='30']
SELECT [p].[Id], [p].[Email], [p].[EncryptedName], [p].[FhirPatientId], [p].[UserId]
FROM [Patients] AS [p]
WHERE [p].[Email] = @__email_0
[13:43:20 INF] Executed DbCommand (1,128ms) [Parameters=[@__email_0='?' (Size = 450)], CommandType='"Text"', CommandTimeout='30']
SELECT [p].[Id], [p].[Email], [p].[EncryptedName], [p].[FhirPatientId], [p].[UserId]
FROM [Patients] AS [p]
WHERE [p].[Email] = @__email_0
[13:43:20 DBG] Context 'TelehealthDbContext' started tracking 'Patient' entity. Consider using 'DbContextOptionsBuilder.EnableSensitiveDataLogging' to see key values.
[13:43:20 DBG] Closing data reader to 'TelehealthDb' on server 'plesk8200.is.cc'.
[13:43:20 DBG] A data reader for 'TelehealthDb' on server 'plesk8200.is.cc' is being disposed after spending 220ms reading results.
[13:43:20 DBG] Closing connection to database 'TelehealthDb' on server 'plesk8200.is.cc'.
[13:43:20 DBG] Closed connection to database 'TelehealthDb' on server 'plesk8200.is.cc' (19ms).
[13:43:23 INF] Potential duplicate email detected for: reggy@cuteandugly.com
[13:43:23 DBG] Debug: Local matches count 1, FHIR matches count 1 for email reggy@cuteandugly.com
[13:43:23 DBG] Entity Framework Core 8.0.16 initialized 'TelehealthDbContext' using provider 'Microsoft.EntityFrameworkCore.SqlServer:8.0.16' with options: None
[13:43:23 DBG] Context 'TelehealthDbContext' started tracking 'AuditLog' entity. Consider using 'DbContextOptionsBuilder.EnableSensitiveDataLogging' to see key values.
[13:43:23 DBG] SaveChanges starting for 'TelehealthDbContext'.
[13:43:23 DBG] DetectChanges starting for 'TelehealthDbContext'.
[13:43:23 DBG] DetectChanges completed for 'TelehealthDbContext'.
[13:43:23 DBG] Creating DbConnection.
[13:43:23 DBG] Created DbConnection. (5ms).
[13:43:23 DBG] Opening connection to database 'TelehealthDb' on server 'plesk8200.is.cc'.
[13:43:23 DBG] Opened connection to database 'TelehealthDb' on server 'plesk8200.is.cc'.
[13:43:23 DBG] Creating DbCommand for 'ExecuteReader'.
[13:43:23 DBG] Created DbCommand for 'ExecuteReader' (10ms).
[13:43:23 DBG] Initialized DbCommand for 'ExecuteReader' (12ms).
[13:43:23 DBG] Executing DbCommand [Parameters=[@p0='?' (DbType = Guid), @p1='?' (Size = 4000), @p2='?' (Size = 4000), @p3='?' (Size = 4000), @p4='?' (Size = 4000), @p5='?' (DbType = DateTime2), @p6='?' (Size = 450)], CommandType='"Text"', CommandTimeout='30']
SET IMPLICIT_TRANSACTIONS OFF;
SET NOCOUNT ON;
INSERT INTO [telehealthkeps].[AuditLogs] ([Id], [Action], [Details], [ResourceId], [ResourceType], [Timestamp], [UserId])
VALUES (@p0, @p1, @p2, @p3, @p4, @p5, @p6);
[13:43:25 INF] Executed DbCommand (1,676ms) [Parameters=[@p0='?' (DbType = Guid), @p1='?' (Size = 4000), @p2='?' (Size = 4000), @p3='?' (Size = 4000), @p4='?' (Size = 4000), @p5='?' (DbType = DateTime2), @p6='?' (Size = 450)], CommandType='"Text"', CommandTimeout='30']
SET IMPLICIT_TRANSACTIONS OFF;
SET NOCOUNT ON;
INSERT INTO [telehealthkeps].[AuditLogs] ([Id], [Action], [Details], [ResourceId], [ResourceType], [Timestamp], [UserId])
VALUES (@p0, @p1, @p2, @p3, @p4, @p5, @p6);
[13:43:25 DBG] Closing data reader to 'TelehealthDb' on server 'plesk8200.is.cc'.
[13:43:25 DBG] A data reader for 'TelehealthDb' on server 'plesk8200.is.cc' is being disposed after spending 5ms reading results.
[13:43:25 DBG] Closing connection to database 'TelehealthDb' on server 'plesk8200.is.cc'.
[13:43:25 DBG] Closed connection to database 'TelehealthDb' on server 'plesk8200.is.cc' (2ms).
[13:43:25 DBG] An entity of type 'AuditLog' tracked by 'TelehealthDbContext' changed state from '"Added"' to '"Unchanged"'. Consider using 'DbContextOptionsBuilder.EnableSensitiveDataLogging' to see key values.
[13:43:25 DBG] SaveChanges completed for 'TelehealthDbContext' with 1 entities written to the database.
[13:43:25 DBG] 'TelehealthDbContext' disposed.
[13:43:25 DBG] Disposing connection to database 'TelehealthDb' on server 'plesk8200.is.cc'.
[13:43:25 DBG] Disposed connection to database '' on server '' (9ms).
[13:43:25 DBG] List of registered output formatters, in the following order: ["Microsoft.AspNetCore.Mvc.Formatters.HttpNoContentOutputFormatter","Microsoft.AspNetCore.Mvc.Formatters.StringOutputFormatter","Microsoft.AspNetCore.Mvc.Formatters.StreamOutputFormatter","Microsoft.AspNetCore.Mvc.Formatters.SystemTextJsonOutputFormatter"]
[13:43:25 DBG] No information found on request to perform content negotiation.
[13:43:25 DBG] Attempting to select an output formatter without using a content type as no explicit content types were specified for the response.
[13:43:25 DBG] Attempting to select the first formatter in the output formatters list which can write the result.
[13:43:25 DBG] Selected output formatter 'Microsoft.AspNetCore.Mvc.Formatters.SystemTextJsonOutputFormatter' and content type 'application/json' to write the response.
[13:43:25 INF] Executing ConflictObjectResult, writing value of type '<>f__AnonymousType5`2[[System.String, System.Private.CoreLib, Version=8.0.0.0, Culture=neutral, PublicKeyToken=7cec85d7bea7798e],[System.Collections.Generic.IEnumerable`1[[<>f__AnonymousType6`2[[System.String, System.Private.CoreLib, Version=8.0.0.0, Culture=neutral, PublicKeyToken=7cec85d7bea7798e],[System.String, System.Private.CoreLib, Version=8.0.0.0, Culture=neutral, PublicKeyToken=7cec85d7bea7798e]], TelehealthApi.Api, Version=1.0.0.0, Culture=neutral, PublicKeyToken=null]], System.Private.CoreLib, Version=8.0.0.0, Culture=neutral, PublicKeyToken=7cec85d7bea7798e]]'.
[13:43:25 INF] Executed action TelehealthApi.Api.Controllers.PatientsController.CreatePatient (TelehealthApi.Api) in 18850.452ms
[13:43:25 INF] Executed endpoint 'TelehealthApi.Api.Controllers.PatientsController.CreatePatient (TelehealthApi.Api)'
[13:43:25 DBG] Connection id "0HNDOIHE1AD3H" completed keep alive response.
[13:43:25 DBG] 'TelehealthDbContext' disposed.
[13:43:25 DBG] Disposing connection to database 'TelehealthDb' on server 'plesk8200.is.cc'.
[13:43:25 DBG] Disposed connection to database '' on server '' (10ms).
[13:43:25 INF] Request finished HTTP/1.1 POST https://localhost:7164/api/Patients - 409 null application/json; charset=utf-8 19450.7418ms
[17:24:08 DBG] Registered model binder providers, in the following order: ["Microsoft.AspNetCore.Mvc.ModelBinding.Binders.BinderTypeModelBinderProvider","Microsoft.AspNetCore.Mvc.ModelBinding.Binders.ServicesModelBinderProvider","Microsoft.AspNetCore.Mvc.ModelBinding.Binders.BodyModelBinderProvider","Microsoft.AspNetCore.Mvc.ModelBinding.Binders.HeaderModelBinderProvider","Microsoft.AspNetCore.Mvc.ModelBinding.Binders.FloatingPointTypeModelBinderProvider","Microsoft.AspNetCore.Mvc.ModelBinding.Binders.EnumTypeModelBinderProvider","Microsoft.AspNetCore.Mvc.ModelBinding.Binders.DateTimeModelBinderProvider","Microsoft.AspNetCore.Mvc.ModelBinding.Binders.SimpleTypeModelBinderProvider","Microsoft.AspNetCore.Mvc.ModelBinding.Binders.TryParseModelBinderProvider","Microsoft.AspNetCore.Mvc.ModelBinding.Binders.CancellationTokenModelBinderProvider","Microsoft.AspNetCore.Mvc.ModelBinding.Binders.ByteArrayModelBinderProvider","Microsoft.AspNetCore.Mvc.ModelBinding.Binders.FormFileModelBinderProvider","Microsoft.AspNetCore.Mvc.ModelBinding.Binders.FormCollectionModelBinderProvider","Microsoft.AspNetCore.Mvc.ModelBinding.Binders.KeyValuePairModelBinderProvider","Microsoft.AspNetCore.Mvc.ModelBinding.Binders.DictionaryModelBinderProvider","Microsoft.AspNetCore.Mvc.ModelBinding.Binders.ArrayModelBinderProvider","Microsoft.AspNetCore.Mvc.ModelBinding.Binders.CollectionModelBinderProvider","Microsoft.AspNetCore.Mvc.ModelBinding.Binders.ComplexObjectModelBinderProvider"]
[17:24:08 DBG] Hosting starting
[17:24:08 INF] User profile is available. Using 'C:\Users\Farai C Kepekepe\AppData\Local\ASP.NET\DataProtection-Keys' as key repository and Windows DPAPI to encrypt keys at rest.
[17:24:09 DBG] Reading data from file 'C:\Users\Farai C Kepekepe\AppData\Local\ASP.NET\DataProtection-Keys\key-1905e520-786d-410b-adc2-45857184ad19.xml'.
[17:24:09 DBG] Reading data from file 'C:\Users\Farai C Kepekepe\AppData\Local\ASP.NET\DataProtection-Keys\key-41d331a8-1af0-45c5-b91b-f4a8ba2461b7.xml'.
[17:24:09 DBG] Found key {1905e520-786d-410b-adc2-45857184ad19}.
[17:24:09 DBG] Found key {41d331a8-1af0-45c5-b91b-f4a8ba2461b7}.
[17:24:09 DBG] Considering key {41d331a8-1af0-45c5-b91b-f4a8ba2461b7} with expiration date 2025-08-20 07:16:44Z as default key.
[17:24:09 DBG] Forwarded activator type request from Microsoft.AspNetCore.DataProtection.XmlEncryption.DpapiXmlDecryptor, Microsoft.AspNetCore.DataProtection, Version=9.0.0.0, Culture=neutral, PublicKeyToken=adb9793829ddae60 to Microsoft.AspNetCore.DataProtection.XmlEncryption.DpapiXmlDecryptor, Microsoft.AspNetCore.DataProtection, Culture=neutral, PublicKeyToken=adb9793829ddae60
[17:24:09 DBG] Decrypting secret element using Windows DPAPI.
[17:24:09 DBG] Forwarded activator type request from Microsoft.AspNetCore.DataProtection.AuthenticatedEncryption.ConfigurationModel.AuthenticatedEncryptorDescriptorDeserializer, Microsoft.AspNetCore.DataProtection, Version=9.0.0.0, Culture=neutral, PublicKeyToken=adb9793829ddae60 to Microsoft.AspNetCore.DataProtection.AuthenticatedEncryption.ConfigurationModel.AuthenticatedEncryptorDescriptorDeserializer, Microsoft.AspNetCore.DataProtection, Culture=neutral, PublicKeyToken=adb9793829ddae60
[17:24:09 DBG] Opening CNG algorithm 'AES' from provider 'null' with chaining mode CBC.
[17:24:09 DBG] Opening CNG algorithm 'SHA256' from provider 'null' with HMAC.
[17:24:09 DBG] Using key {41d331a8-1af0-45c5-b91b-f4a8ba2461b7} as the default key.
[17:24:09 DBG] Key ring with default key {41d331a8-1af0-45c5-b91b-f4a8ba2461b7} was loaded during application startup.
[17:24:09 INF] Now listening on: https://localhost:7164
[17:24:09 INF] Now listening on: http://localhost:5141
[17:24:09 DBG] Loaded hosting startup assembly TelehealthApi.Api
[17:24:09 DBG] Loaded hosting startup assembly Microsoft.WebTools.ApiEndpointDiscovery
[17:24:09 DBG] Loaded hosting startup assembly Microsoft.AspNetCore.Watch.BrowserRefresh
[17:24:09 DBG] Loaded hosting startup assembly Microsoft.WebTools.BrowserLink.Net
[17:24:09 DBG] Connection id "0HNDOMD9NJ31H" accepted.
[17:24:09 DBG] Connection id "0HNDOMD9NJ31I" accepted.
[17:24:09 DBG] Connection id "0HNDOMD9NJ31H" started.
[17:24:09 DBG] Connection id "0HNDOMD9NJ31H" received FIN.
[17:24:09 DBG] Connection id "0HNDOMD9NJ31I" received FIN.
[17:24:09 DBG] Connection id "0HNDOMD9NJ31I" started.
[17:24:09 DBG] Failed to authenticate HTTPS connection.
System.IO.IOException: Received an unexpected EOF or 0 bytes from the transport stream.
   at System.Net.Security.SslStream.ReceiveHandshakeFrameAsync[TIOAdapter](CancellationToken cancellationToken)
   at System.Net.Security.SslStream.ForceAuthenticationAsync[TIOAdapter](Boolean receiveFirst, Byte[] reAuthenticationData, CancellationToken cancellationToken)
   at System.Net.Security.SslStream.ProcessAuthenticationWithTelemetryAsync(Boolean isAsync, CancellationToken cancellationToken)
   at Microsoft.AspNetCore.Server.Kestrel.Https.Internal.HttpsConnectionMiddleware.OnConnectionAsync(ConnectionContext context)
[17:24:09 DBG] Failed to authenticate HTTPS connection.
System.IO.IOException: Received an unexpected EOF or 0 bytes from the transport stream.
   at System.Net.Security.SslStream.ReceiveHandshakeFrameAsync[TIOAdapter](CancellationToken cancellationToken)
   at System.Net.Security.SslStream.ForceAuthenticationAsync[TIOAdapter](Boolean receiveFirst, Byte[] reAuthenticationData, CancellationToken cancellationToken)
   at System.Net.Security.SslStream.ProcessAuthenticationWithTelemetryAsync(Boolean isAsync, CancellationToken cancellationToken)
   at Microsoft.AspNetCore.Server.Kestrel.Https.Internal.HttpsConnectionMiddleware.OnConnectionAsync(ConnectionContext context)
[17:24:09 DBG] Connection id "0HNDOMD9NJ31H" stopped.
[17:24:09 INF] Application started. Press Ctrl+C to shut down.
[17:24:09 INF] Hosting environment: Development
[17:24:09 DBG] Connection id "0HNDOMD9NJ31H" sending FIN because: "The Socket transport's send loop completed gracefully."
[17:24:09 DBG] Connection id "0HNDOMD9NJ31I" stopped.
[17:24:09 INF] Content root path: C:\Users\Farai C Kepekepe\source\repos\TelehealthApi\TelehealthApi.Api
[17:24:09 DBG] Connection id "0HNDOMD9NJ31I" sending FIN because: "The Socket transport's send loop completed gracefully."
[17:24:09 DBG] Hosting started
[17:24:10 DBG] Connection id "0HNDOMD9NJ31J" accepted.
[17:24:11 DBG] Connection id "0HNDOMD9NJ31J" started.
[17:24:11 DBG] Connection 0HNDOMD9NJ31J established using the following protocol: "Tls13"
[17:24:11 INF] Request starting HTTP/2 GET https://localhost:7164/swagger/index.html - null null
[17:24:11 DBG] Wildcard detected, all requests with hosts will be allowed.
[17:24:11 DBG] No candidates found for the request path '/swagger/index.html'
[17:24:11 DBG] Request did not match any endpoints
[17:24:11 DBG] Response markup is scheduled to include Browser Link script injection.
[17:24:11 DBG] Response markup is scheduled to include browser refresh script injection.
[17:24:11 DBG] Response markup was updated to include Browser Link script injection.
[17:24:11 INF] Request starting HTTP/2 GET https://localhost:7164/_framework/aspnetcore-browser-refresh.js - null null
[17:24:11 DBG] Response markup was updated to include browser refresh script injection.
[17:24:11 INF] Request finished HTTP/2 GET https://localhost:7164/_framework/aspnetcore-browser-refresh.js - 200 13770 application/javascript; charset=utf-8 58.306ms
[17:24:11 INF] Request finished HTTP/2 GET https://localhost:7164/swagger/index.html - 200 null text/html;charset=utf-8 699.1071ms
[17:24:12 INF] Request starting HTTP/2 GET https://localhost:7164/_vs/browserLink - null null
[17:24:12 INF] Request finished HTTP/2 GET https://localhost:7164/_vs/browserLink - 200 null text/javascript; charset=UTF-8 124.1705ms
[17:24:12 INF] Request starting HTTP/2 GET https://localhost:7164/swagger/v1/swagger.json - null null
[17:24:12 DBG] No candidates found for the request path '/swagger/v1/swagger.json'
[17:24:12 DBG] Request did not match any endpoints
[17:24:12 INF] Request finished HTTP/2 GET https://localhost:7164/swagger/v1/swagger.json - 200 null application/json;charset=utf-8 62.3835ms
[17:24:14 DBG] Connection id "0HNDOMD9NJ31J" received FIN.
[17:24:14 DBG] The connection queue processing loop for 0HNDOMD9NJ31J completed.
[17:24:14 DBG] Connection id "0HNDOMD9NJ31J" is closed. The last processed stream ID was 7.
[17:24:14 DBG] Connection id "0HNDOMD9NJ31J" sending FIN because: "The Socket transport's send loop completed gracefully."
[17:24:14 DBG] Connection id "0HNDOMD9NJ31J" stopped.
[17:24:14 DBG] Connection id "0HNDOMD9NJ31K" accepted.
[17:24:14 DBG] Connection id "0HNDOMD9NJ31K" started.
[17:24:14 DBG] Connection 0HNDOMD9NJ31K established using the following protocol: "Tls13"
[17:24:14 INF] Request starting HTTP/2 GET https://localhost:7164/_framework/aspnetcore-browser-refresh.js - null null
[17:24:14 INF] Request finished HTTP/2 GET https://localhost:7164/_framework/aspnetcore-browser-refresh.js - 200 13770 application/javascript; charset=utf-8 5.2831ms
[17:24:18 DBG] Connection id "0HNDOMD9NJ31K" received FIN.
[17:24:18 DBG] Connection id "0HNDOMD9NJ31K" is closed. The last processed stream ID was 1.
[17:24:18 DBG] The connection queue processing loop for 0HNDOMD9NJ31K completed.
[17:24:18 DBG] Connection id "0HNDOMD9NJ31K" sending FIN because: "The Socket transport's send loop completed gracefully."
[17:24:18 DBG] Connection id "0HNDOMD9NJ31K" stopped.
[17:24:44 DBG] Connection id "0HNDOMD9NJ31L" received FIN.
[17:24:44 DBG] Connection id "0HNDOMD9NJ31L" accepted.
[17:24:44 DBG] Connection id "0HNDOMD9NJ31L" started.
[17:24:44 DBG] Connection id "0HNDOMD9NJ31M" accepted.
[17:24:44 DBG] Failed to authenticate HTTPS connection.
System.IO.IOException: Received an unexpected EOF or 0 bytes from the transport stream.
   at System.Net.Security.SslStream.ReceiveHandshakeFrameAsync[TIOAdapter](CancellationToken cancellationToken)
   at System.Net.Security.SslStream.ForceAuthenticationAsync[TIOAdapter](Boolean receiveFirst, Byte[] reAuthenticationData, CancellationToken cancellationToken)
   at System.Net.Security.SslStream.ProcessAuthenticationWithTelemetryAsync(Boolean isAsync, CancellationToken cancellationToken)
   at Microsoft.AspNetCore.Server.Kestrel.Https.Internal.HttpsConnectionMiddleware.OnConnectionAsync(ConnectionContext context)
[17:24:44 DBG] Connection id "0HNDOMD9NJ31M" started.
[17:24:44 DBG] Connection id "0HNDOMD9NJ31L" stopped.
[17:24:44 DBG] Connection id "0HNDOMD9NJ31L" sending FIN because: "The Socket transport's send loop completed gracefully."
[17:24:44 DBG] Connection 0HNDOMD9NJ31M established using the following protocol: "Tls13"
[17:24:44 INF] Request starting HTTP/1.1 POST https://localhost:7164/api/Patients - application/json 119
[17:24:44 DBG] 1 candidate(s) found for the request path '/api/Patients'
[17:24:44 DBG] Endpoint 'TelehealthApi.Api.Controllers.PatientsController.CreatePatient (TelehealthApi.Api)' with route pattern 'api/Patients' is valid for the request path '/api/Patients'
[17:24:44 DBG] Request matched endpoint 'TelehealthApi.Api.Controllers.PatientsController.CreatePatient (TelehealthApi.Api)'
[17:24:44 DBG] Static files was skipped as the request already matched an endpoint.
[17:24:44 DBG] Successfully validated the token.
[17:24:44 DBG] AuthenticationScheme: Bearer was successfully authenticated.
[17:24:44 DBG] Authorization was successful.
[17:24:44 INF] Executing endpoint 'TelehealthApi.Api.Controllers.PatientsController.CreatePatient (TelehealthApi.Api)'
[17:24:44 INF] Route matched with {action = "CreatePatient", controller = "Patients"}. Executing controller action with signature System.Threading.Tasks.Task`1[Microsoft.AspNetCore.Mvc.IActionResult] CreatePatient(PatientInput) on controller TelehealthApi.Api.Controllers.PatientsController (TelehealthApi.Api).
[17:24:44 DBG] Execution plan of authorization filters (in the following order): ["None"]
[17:24:44 DBG] Execution plan of resource filters (in the following order): ["None"]
[17:24:44 DBG] Execution plan of action filters (in the following order): ["Microsoft.AspNetCore.Mvc.ModelBinding.UnsupportedContentTypeFilter (Order: -3000)","Microsoft.AspNetCore.Mvc.Infrastructure.ModelStateInvalidFilter (Order: -2000)"]
[17:24:44 DBG] Execution plan of exception filters (in the following order): ["None"]
[17:24:44 DBG] Execution plan of result filters (in the following order): ["Microsoft.AspNetCore.Mvc.Infrastructure.ClientErrorResultFilter (Order: -2000)"]
[17:24:44 DBG] Executing controller factory for controller TelehealthApi.Api.Controllers.PatientsController (TelehealthApi.Api)
[17:24:46 DBG] An 'IServiceProvider' was created for internal use by Entity Framework.
[17:24:46 DBG] Executed controller factory for controller TelehealthApi.Api.Controllers.PatientsController (TelehealthApi.Api)
[17:24:46 DBG] Attempting to bind parameter 'input' of type 'TelehealthApi.Api.Controllers.PatientsController+PatientInput' ...
[17:24:46 DBG] Attempting to bind parameter 'input' of type 'TelehealthApi.Api.Controllers.PatientsController+PatientInput' using the name '' in request data ...
[17:24:46 DBG] Selected input formatter 'Microsoft.AspNetCore.Mvc.Formatters.SystemTextJsonInputFormatter' for content type 'application/json'.
[17:24:46 DBG] Connection id "0HNDOMD9NJ31M", Request id "0HNDOMD9NJ31M:00000001": started reading request body.
[17:24:46 DBG] Connection id "0HNDOMD9NJ31M", Request id "0HNDOMD9NJ31M:00000001": done reading request body.
[17:24:46 DBG] JSON input formatter succeeded, deserializing to type 'TelehealthApi.Api.Controllers.PatientsController+PatientInput'
[17:24:46 DBG] Done attempting to bind parameter 'input' of type 'TelehealthApi.Api.Controllers.PatientsController+PatientInput'.
[17:24:46 DBG] Done attempting to bind parameter 'input' of type 'TelehealthApi.Api.Controllers.PatientsController+PatientInput'.
[17:24:46 DBG] Attempting to validate the bound parameter 'input' of type 'TelehealthApi.Api.Controllers.PatientsController+PatientInput' ...
[17:24:46 DBG] Done attempting to validate the bound parameter 'input' of type 'TelehealthApi.Api.Controllers.PatientsController+PatientInput'.
[17:24:46 INF] Attempting to create patient for email reggy@cuteandugly.com by user kamuzonde@bugsbunny.com from IP ::1
[17:24:47 DBG] The index {'UserId'} was not created on entity type 'IdentityUserRole<string>' as the properties are already covered by the index {'UserId', 'RoleId'}.
[17:24:47 DBG] The index {'UserId'} was not created on entity type 'IdentityUserToken<string>' as the properties are already covered by the index {'UserId', 'LoginProvider', 'Name'}.
[17:24:48 DBG] Entity Framework Core 8.0.16 initialized 'TelehealthDbContext' using provider 'Microsoft.EntityFrameworkCore.SqlServer:8.0.16' with options: None
[17:24:48 DBG] Compiling query expression: 
'DbSet<Patient>()
    .Where(p => p.Email == __email_0)'
[17:24:48 DBG] Generated query execution expression: 
'queryContext => new SingleQueryingEnumerable<Patient>(
    (RelationalQueryContext)queryContext, 
    RelationalCommandCache.QueryExpression(
        Projection Mapping:
            EmptyProjectionMember -> Dictionary<IProperty, int> { [Property: Patient.Id (Guid) Required PK AfterSave:Throw ValueGenerated.OnAdd, 0], [Property: Patient.Email (string) Required Index, 1], [Property: Patient.EncryptedName (string) Required, 2], [Property: Patient.FhirPatientId (string) Required Index, 3], [Property: Patient.UserId (string), 4] }
        SELECT p.Id, p.Email, p.EncryptedName, p.FhirPatientId, p.UserId
        FROM Patients AS p
        WHERE p.Email == @__email_0), 
    null, 
    Func<QueryContext, DbDataReader, ResultContext, SingleQueryResultCoordinator, Patient>, 
    TelehealthApi.Core.TelehealthDbContext, 
    False, 
    False, 
    True
)'
[17:24:49 DBG] Creating DbConnection.
[17:24:49 DBG] Created DbConnection. (102ms).
[17:24:49 DBG] Opening connection to database 'TelehealthDb' on server 'plesk8200.is.cc'.
[17:24:54 DBG] Opened connection to database 'TelehealthDb' on server 'plesk8200.is.cc'.
[17:24:54 DBG] Creating DbCommand for 'ExecuteReader'.
[17:24:54 DBG] Created DbCommand for 'ExecuteReader' (32ms).
[17:24:54 DBG] Initialized DbCommand for 'ExecuteReader' (106ms).
[17:24:54 DBG] Executing DbCommand [Parameters=[@__email_0='?' (Size = 450)], CommandType='"Text"', CommandTimeout='30']
SELECT [p].[Id], [p].[Email], [p].[EncryptedName], [p].[FhirPatientId], [p].[UserId]
FROM [Patients] AS [p]
WHERE [p].[Email] = @__email_0
[17:24:55 INF] Executed DbCommand (1,115ms) [Parameters=[@__email_0='?' (Size = 450)], CommandType='"Text"', CommandTimeout='30']
SELECT [p].[Id], [p].[Email], [p].[EncryptedName], [p].[FhirPatientId], [p].[UserId]
FROM [Patients] AS [p]
WHERE [p].[Email] = @__email_0
[17:24:55 DBG] Context 'TelehealthDbContext' started tracking 'Patient' entity. Consider using 'DbContextOptionsBuilder.EnableSensitiveDataLogging' to see key values.
[17:24:56 DBG] Closing data reader to 'TelehealthDb' on server 'plesk8200.is.cc'.
[17:24:56 DBG] A data reader for 'TelehealthDb' on server 'plesk8200.is.cc' is being disposed after spending 236ms reading results.
[17:24:56 DBG] Closing connection to database 'TelehealthDb' on server 'plesk8200.is.cc'.
[17:24:56 DBG] Closed connection to database 'TelehealthDb' on server 'plesk8200.is.cc' (26ms).
[17:24:58 INF] Potential duplicate email detected for: reggy@cuteandugly.com
[17:24:58 DBG] Debug: Local matches count 1, FHIR matches count 1 for email reggy@cuteandugly.com
[17:24:58 DBG] Entity Framework Core 8.0.16 initialized 'TelehealthDbContext' using provider 'Microsoft.EntityFrameworkCore.SqlServer:8.0.16' with options: None
[17:24:58 DBG] Context 'TelehealthDbContext' started tracking 'AuditLog' entity. Consider using 'DbContextOptionsBuilder.EnableSensitiveDataLogging' to see key values.
[17:24:58 DBG] SaveChanges starting for 'TelehealthDbContext'.
[17:24:58 DBG] DetectChanges starting for 'TelehealthDbContext'.
[17:24:58 DBG] DetectChanges completed for 'TelehealthDbContext'.
[17:24:58 DBG] Creating DbConnection.
[17:24:58 DBG] Created DbConnection. (2ms).
[17:24:58 DBG] Opening connection to database 'TelehealthDb' on server 'plesk8200.is.cc'.
[17:24:58 DBG] Opened connection to database 'TelehealthDb' on server 'plesk8200.is.cc'.
[17:24:58 DBG] Creating DbCommand for 'ExecuteReader'.
[17:24:58 DBG] Created DbCommand for 'ExecuteReader' (1ms).
[17:24:58 DBG] Initialized DbCommand for 'ExecuteReader' (5ms).
[17:24:58 DBG] Executing DbCommand [Parameters=[@p0='?' (DbType = Guid), @p1='?' (Size = 4000), @p2='?' (Size = 4000), @p3='?' (Size = 4000), @p4='?' (Size = 4000), @p5='?' (DbType = DateTime2), @p6='?' (Size = 450)], CommandType='"Text"', CommandTimeout='30']
SET IMPLICIT_TRANSACTIONS OFF;
SET NOCOUNT ON;
INSERT INTO [telehealthkeps].[AuditLogs] ([Id], [Action], [Details], [ResourceId], [ResourceType], [Timestamp], [UserId])
VALUES (@p0, @p1, @p2, @p3, @p4, @p5, @p6);
[17:24:59 INF] Executed DbCommand (665ms) [Parameters=[@p0='?' (DbType = Guid), @p1='?' (Size = 4000), @p2='?' (Size = 4000), @p3='?' (Size = 4000), @p4='?' (Size = 4000), @p5='?' (DbType = DateTime2), @p6='?' (Size = 450)], CommandType='"Text"', CommandTimeout='30']
SET IMPLICIT_TRANSACTIONS OFF;
SET NOCOUNT ON;
INSERT INTO [telehealthkeps].[AuditLogs] ([Id], [Action], [Details], [ResourceId], [ResourceType], [Timestamp], [UserId])
VALUES (@p0, @p1, @p2, @p3, @p4, @p5, @p6);
[17:24:59 DBG] Closing data reader to 'TelehealthDb' on server 'plesk8200.is.cc'.
[17:24:59 DBG] A data reader for 'TelehealthDb' on server 'plesk8200.is.cc' is being disposed after spending 8ms reading results.
[17:24:59 DBG] Closing connection to database 'TelehealthDb' on server 'plesk8200.is.cc'.
[17:24:59 DBG] Closed connection to database 'TelehealthDb' on server 'plesk8200.is.cc' (1ms).
[17:24:59 DBG] An entity of type 'AuditLog' tracked by 'TelehealthDbContext' changed state from '"Added"' to '"Unchanged"'. Consider using 'DbContextOptionsBuilder.EnableSensitiveDataLogging' to see key values.
[17:24:59 DBG] SaveChanges completed for 'TelehealthDbContext' with 1 entities written to the database.
[17:24:59 DBG] 'TelehealthDbContext' disposed.
[17:24:59 DBG] Disposing connection to database 'TelehealthDb' on server 'plesk8200.is.cc'.
[17:24:59 DBG] Disposed connection to database '' on server '' (3ms).
[17:24:59 DBG] List of registered output formatters, in the following order: ["Microsoft.AspNetCore.Mvc.Formatters.HttpNoContentOutputFormatter","Microsoft.AspNetCore.Mvc.Formatters.StringOutputFormatter","Microsoft.AspNetCore.Mvc.Formatters.StreamOutputFormatter","Microsoft.AspNetCore.Mvc.Formatters.SystemTextJsonOutputFormatter"]
[17:24:59 DBG] No information found on request to perform content negotiation.
[17:24:59 DBG] Attempting to select an output formatter without using a content type as no explicit content types were specified for the response.
[17:24:59 DBG] Attempting to select the first formatter in the output formatters list which can write the result.
[17:24:59 DBG] Selected output formatter 'Microsoft.AspNetCore.Mvc.Formatters.SystemTextJsonOutputFormatter' and content type 'application/json' to write the response.
[17:24:59 INF] Executing ConflictObjectResult, writing value of type '<>f__AnonymousType5`2[[System.String, System.Private.CoreLib, Version=8.0.0.0, Culture=neutral, PublicKeyToken=7cec85d7bea7798e],[System.Collections.Generic.IEnumerable`1[[<>f__AnonymousType6`2[[System.String, System.Private.CoreLib, Version=8.0.0.0, Culture=neutral, PublicKeyToken=7cec85d7bea7798e],[System.String, System.Private.CoreLib, Version=8.0.0.0, Culture=neutral, PublicKeyToken=7cec85d7bea7798e]], TelehealthApi.Api, Version=1.0.0.0, Culture=neutral, PublicKeyToken=null]], System.Private.CoreLib, Version=8.0.0.0, Culture=neutral, PublicKeyToken=7cec85d7bea7798e]]'.
[17:24:59 INF] Executed action TelehealthApi.Api.Controllers.PatientsController.CreatePatient (TelehealthApi.Api) in 14463.5202ms
[17:24:59 INF] Executed endpoint 'TelehealthApi.Api.Controllers.PatientsController.CreatePatient (TelehealthApi.Api)'
[17:24:59 DBG] Connection id "0HNDOMD9NJ31M" completed keep alive response.
[17:24:59 DBG] 'TelehealthDbContext' disposed.
[17:24:59 DBG] Disposing connection to database 'TelehealthDb' on server 'plesk8200.is.cc'.
[17:24:59 DBG] Disposed connection to database '' on server '' (5ms).
[17:24:59 INF] Request finished HTTP/1.1 POST https://localhost:7164/api/Patients - 409 null application/json; charset=utf-8 14834.9591ms
